Start testing: Oct 24 21:02 EDT
----------------------------------------------------------
1/11 Testing: PIDControllerTest.TestVelocityProportionalConstant
1/11 Test: PIDControllerTest.TestVelocityProportionalConstant
Command: "/home/sas/Ackermann-steering-controller-ENPM808X/build/test/cpp-test" "--gtest_filter=PIDControllerTest.TestVelocityProportionalConstant" "--gtest_also_run_disabled_tests"
Directory: /home/sas/Ackermann-steering-controller-ENPM808X/build/test
"PIDControllerTest.TestVelocityProportionalConstant" start time: Oct 24 21:02 EDT
Output:
----------------------------------------------------------
Note: Google Test filter = PIDControllerTest.TestVelocityProportionalConstant
[==========] Running 1 test from 1 test suite.
[----------] Global test environment set-up.
[----------] 1 test from PIDControllerTest
[ RUN      ] PIDControllerTest.TestVelocityProportionalConstant
[       OK ] PIDControllerTest.TestVelocityProportionalConstant (0 ms)
[----------] 1 test from PIDControllerTest (0 ms total)

[----------] Global test environment tear-down
[==========] 1 test from 1 test suite ran. (0 ms total)
[  PASSED  ] 1 test.
<end of output>
Test time =   0.01 sec
----------------------------------------------------------
Test Passed.
"PIDControllerTest.TestVelocityProportionalConstant" end time: Oct 24 21:02 EDT
"PIDControllerTest.TestVelocityProportionalConstant" time elapsed: 00:00:00
----------------------------------------------------------

2/11 Testing: PIDControllerTest.TestVelocityIntegralConstant
2/11 Test: PIDControllerTest.TestVelocityIntegralConstant
Command: "/home/sas/Ackermann-steering-controller-ENPM808X/build/test/cpp-test" "--gtest_filter=PIDControllerTest.TestVelocityIntegralConstant" "--gtest_also_run_disabled_tests"
Directory: /home/sas/Ackermann-steering-controller-ENPM808X/build/test
"PIDControllerTest.TestVelocityIntegralConstant" start time: Oct 24 21:02 EDT
Output:
----------------------------------------------------------
Note: Google Test filter = PIDControllerTest.TestVelocityIntegralConstant
[==========] Running 1 test from 1 test suite.
[----------] Global test environment set-up.
[----------] 1 test from PIDControllerTest
[ RUN      ] PIDControllerTest.TestVelocityIntegralConstant
[       OK ] PIDControllerTest.TestVelocityIntegralConstant (0 ms)
[----------] 1 test from PIDControllerTest (0 ms total)

[----------] Global test environment tear-down
[==========] 1 test from 1 test suite ran. (0 ms total)
[  PASSED  ] 1 test.
<end of output>
Test time =   0.01 sec
----------------------------------------------------------
Test Passed.
"PIDControllerTest.TestVelocityIntegralConstant" end time: Oct 24 21:02 EDT
"PIDControllerTest.TestVelocityIntegralConstant" time elapsed: 00:00:00
----------------------------------------------------------

3/11 Testing: PIDControllerTest.TestVelocityDerivativeConstant
3/11 Test: PIDControllerTest.TestVelocityDerivativeConstant
Command: "/home/sas/Ackermann-steering-controller-ENPM808X/build/test/cpp-test" "--gtest_filter=PIDControllerTest.TestVelocityDerivativeConstant" "--gtest_also_run_disabled_tests"
Directory: /home/sas/Ackermann-steering-controller-ENPM808X/build/test
"PIDControllerTest.TestVelocityDerivativeConstant" start time: Oct 24 21:02 EDT
Output:
----------------------------------------------------------
Note: Google Test filter = PIDControllerTest.TestVelocityDerivativeConstant
[==========] Running 1 test from 1 test suite.
[----------] Global test environment set-up.
[----------] 1 test from PIDControllerTest
[ RUN      ] PIDControllerTest.TestVelocityDerivativeConstant
[       OK ] PIDControllerTest.TestVelocityDerivativeConstant (0 ms)
[----------] 1 test from PIDControllerTest (0 ms total)

[----------] Global test environment tear-down
[==========] 1 test from 1 test suite ran. (0 ms total)
[  PASSED  ] 1 test.
<end of output>
Test time =   0.01 sec
----------------------------------------------------------
Test Passed.
"PIDControllerTest.TestVelocityDerivativeConstant" end time: Oct 24 21:02 EDT
"PIDControllerTest.TestVelocityDerivativeConstant" time elapsed: 00:00:00
----------------------------------------------------------

4/11 Testing: PIDControllerTest.TestDeltaTime
4/11 Test: PIDControllerTest.TestDeltaTime
Command: "/home/sas/Ackermann-steering-controller-ENPM808X/build/test/cpp-test" "--gtest_filter=PIDControllerTest.TestDeltaTime" "--gtest_also_run_disabled_tests"
Directory: /home/sas/Ackermann-steering-controller-ENPM808X/build/test
"PIDControllerTest.TestDeltaTime" start time: Oct 24 21:02 EDT
Output:
----------------------------------------------------------
Note: Google Test filter = PIDControllerTest.TestDeltaTime
[==========] Running 1 test from 1 test suite.
[----------] Global test environment set-up.
[----------] 1 test from PIDControllerTest
[ RUN      ] PIDControllerTest.TestDeltaTime
[       OK ] PIDControllerTest.TestDeltaTime (0 ms)
[----------] 1 test from PIDControllerTest (0 ms total)

[----------] Global test environment tear-down
[==========] 1 test from 1 test suite ran. (0 ms total)
[  PASSED  ] 1 test.
<end of output>
Test time =   0.00 sec
----------------------------------------------------------
Test Passed.
"PIDControllerTest.TestDeltaTime" end time: Oct 24 21:02 EDT
"PIDControllerTest.TestDeltaTime" time elapsed: 00:00:00
----------------------------------------------------------

5/11 Testing: PIDControllerTest.TestHeadingProportionalConstant
5/11 Test: PIDControllerTest.TestHeadingProportionalConstant
Command: "/home/sas/Ackermann-steering-controller-ENPM808X/build/test/cpp-test" "--gtest_filter=PIDControllerTest.TestHeadingProportionalConstant" "--gtest_also_run_disabled_tests"
Directory: /home/sas/Ackermann-steering-controller-ENPM808X/build/test
"PIDControllerTest.TestHeadingProportionalConstant" start time: Oct 24 21:02 EDT
Output:
----------------------------------------------------------
Note: Google Test filter = PIDControllerTest.TestHeadingProportionalConstant
[==========] Running 1 test from 1 test suite.
[----------] Global test environment set-up.
[----------] 1 test from PIDControllerTest
[ RUN      ] PIDControllerTest.TestHeadingProportionalConstant
[       OK ] PIDControllerTest.TestHeadingProportionalConstant (0 ms)
[----------] 1 test from PIDControllerTest (0 ms total)

[----------] Global test environment tear-down
[==========] 1 test from 1 test suite ran. (0 ms total)
[  PASSED  ] 1 test.
<end of output>
Test time =   0.00 sec
----------------------------------------------------------
Test Passed.
"PIDControllerTest.TestHeadingProportionalConstant" end time: Oct 24 21:02 EDT
"PIDControllerTest.TestHeadingProportionalConstant" time elapsed: 00:00:00
----------------------------------------------------------

6/11 Testing: PIDControllerTest.TestHeadingIntegralConstant
6/11 Test: PIDControllerTest.TestHeadingIntegralConstant
Command: "/home/sas/Ackermann-steering-controller-ENPM808X/build/test/cpp-test" "--gtest_filter=PIDControllerTest.TestHeadingIntegralConstant" "--gtest_also_run_disabled_tests"
Directory: /home/sas/Ackermann-steering-controller-ENPM808X/build/test
"PIDControllerTest.TestHeadingIntegralConstant" start time: Oct 24 21:02 EDT
Output:
----------------------------------------------------------
Note: Google Test filter = PIDControllerTest.TestHeadingIntegralConstant
[==========] Running 1 test from 1 test suite.
[----------] Global test environment set-up.
[----------] 1 test from PIDControllerTest
[ RUN      ] PIDControllerTest.TestHeadingIntegralConstant
[       OK ] PIDControllerTest.TestHeadingIntegralConstant (0 ms)
[----------] 1 test from PIDControllerTest (0 ms total)

[----------] Global test environment tear-down
[==========] 1 test from 1 test suite ran. (0 ms total)
[  PASSED  ] 1 test.
<end of output>
Test time =   0.01 sec
----------------------------------------------------------
Test Passed.
"PIDControllerTest.TestHeadingIntegralConstant" end time: Oct 24 21:02 EDT
"PIDControllerTest.TestHeadingIntegralConstant" time elapsed: 00:00:00
----------------------------------------------------------

7/11 Testing: PIDControllerTest.TestHeadingDerivativeConstant
7/11 Test: PIDControllerTest.TestHeadingDerivativeConstant
Command: "/home/sas/Ackermann-steering-controller-ENPM808X/build/test/cpp-test" "--gtest_filter=PIDControllerTest.TestHeadingDerivativeConstant" "--gtest_also_run_disabled_tests"
Directory: /home/sas/Ackermann-steering-controller-ENPM808X/build/test
"PIDControllerTest.TestHeadingDerivativeConstant" start time: Oct 24 21:02 EDT
Output:
----------------------------------------------------------
Note: Google Test filter = PIDControllerTest.TestHeadingDerivativeConstant
[==========] Running 1 test from 1 test suite.
[----------] Global test environment set-up.
[----------] 1 test from PIDControllerTest
[ RUN      ] PIDControllerTest.TestHeadingDerivativeConstant
[       OK ] PIDControllerTest.TestHeadingDerivativeConstant (0 ms)
[----------] 1 test from PIDControllerTest (0 ms total)

[----------] Global test environment tear-down
[==========] 1 test from 1 test suite ran. (0 ms total)
[  PASSED  ] 1 test.
<end of output>
Test time =   0.00 sec
----------------------------------------------------------
Test Passed.
"PIDControllerTest.TestHeadingDerivativeConstant" end time: Oct 24 21:02 EDT
"PIDControllerTest.TestHeadingDerivativeConstant" time elapsed: 00:00:00
----------------------------------------------------------

8/11 Testing: PIDControllerTest.TestComputeErrors
8/11 Test: PIDControllerTest.TestComputeErrors
Command: "/home/sas/Ackermann-steering-controller-ENPM808X/build/test/cpp-test" "--gtest_filter=PIDControllerTest.TestComputeErrors" "--gtest_also_run_disabled_tests"
Directory: /home/sas/Ackermann-steering-controller-ENPM808X/build/test
"PIDControllerTest.TestComputeErrors" start time: Oct 24 21:02 EDT
Output:
----------------------------------------------------------
Note: Google Test filter = PIDControllerTest.TestComputeErrors
[==========] Running 1 test from 1 test suite.
[----------] Global test environment set-up.
[----------] 1 test from PIDControllerTest
[ RUN      ] PIDControllerTest.TestComputeErrors
Velocity Error: 5
Heading Error: 171.887[       OK ] PIDControllerTest.TestComputeErrors (0 ms)
[----------] 1 test from PIDControllerTest (0 ms total)

[----------] Global test environment tear-down
[==========] 1 test from 1 test suite ran. (0 ms total)
[  PASSED  ] 1 test.
<end of output>
Test time =   0.00 sec
----------------------------------------------------------
Test Passed.
"PIDControllerTest.TestComputeErrors" end time: Oct 24 21:02 EDT
"PIDControllerTest.TestComputeErrors" time elapsed: 00:00:00
----------------------------------------------------------

9/11 Testing: RobotModelTest.InitialStateTest
9/11 Test: RobotModelTest.InitialStateTest
Command: "/home/sas/Ackermann-steering-controller-ENPM808X/build/test/cpp-test" "--gtest_filter=RobotModelTest.InitialStateTest" "--gtest_also_run_disabled_tests"
Directory: /home/sas/Ackermann-steering-controller-ENPM808X/build/test
"RobotModelTest.InitialStateTest" start time: Oct 24 21:02 EDT
Output:
----------------------------------------------------------
Note: Google Test filter = RobotModelTest.InitialStateTest
[==========] Running 1 test from 1 test suite.
[----------] Global test environment set-up.
[----------] 1 test from RobotModelTest
[ RUN      ] RobotModelTest.InitialStateTest
[       OK ] RobotModelTest.InitialStateTest (0 ms)
[----------] 1 test from RobotModelTest (0 ms total)

[----------] Global test environment tear-down
[==========] 1 test from 1 test suite ran. (0 ms total)
[  PASSED  ] 1 test.
<end of output>
Test time =   0.01 sec
----------------------------------------------------------
Test Passed.
"RobotModelTest.InitialStateTest" end time: Oct 24 21:02 EDT
"RobotModelTest.InitialStateTest" time elapsed: 00:00:00
----------------------------------------------------------

10/11 Testing: RobotModelTest.SetInitialStateTest
10/11 Test: RobotModelTest.SetInitialStateTest
Command: "/home/sas/Ackermann-steering-controller-ENPM808X/build/test/cpp-test" "--gtest_filter=RobotModelTest.SetInitialStateTest" "--gtest_also_run_disabled_tests"
Directory: /home/sas/Ackermann-steering-controller-ENPM808X/build/test
"RobotModelTest.SetInitialStateTest" start time: Oct 24 21:02 EDT
Output:
----------------------------------------------------------
Note: Google Test filter = RobotModelTest.SetInitialStateTest
[==========] Running 1 test from 1 test suite.
[----------] Global test environment set-up.
[----------] 1 test from RobotModelTest
[ RUN      ] RobotModelTest.SetInitialStateTest
[       OK ] RobotModelTest.SetInitialStateTest (0 ms)
[----------] 1 test from RobotModelTest (0 ms total)

[----------] Global test environment tear-down
[==========] 1 test from 1 test suite ran. (0 ms total)
[  PASSED  ] 1 test.
<end of output>
Test time =   0.00 sec
----------------------------------------------------------
Test Passed.
"RobotModelTest.SetInitialStateTest" end time: Oct 24 21:02 EDT
"RobotModelTest.SetInitialStateTest" time elapsed: 00:00:00
----------------------------------------------------------

11/11 Testing: RobotSimulation.Check_Simulation_Running
11/11 Test: RobotSimulation.Check_Simulation_Running
Command: "/home/sas/Ackermann-steering-controller-ENPM808X/build/test/cpp-test" "--gtest_filter=RobotSimulation.Check_Simulation_Running" "--gtest_also_run_disabled_tests"
Directory: /home/sas/Ackermann-steering-controller-ENPM808X/build/test
"RobotSimulation.Check_Simulation_Running" start time: Oct 24 21:02 EDT
Output:
----------------------------------------------------------
Note: Google Test filter = RobotSimulation.Check_Simulation_Running
[==========] Running 1 test from 1 test suite.
[----------] Global test environment set-up.
[----------] 1 test from RobotSimulation
[ RUN      ] RobotSimulation.Check_Simulation_Running
Iteration 0
Current Location: x=0 y=0 theta=0 velocity=0
Velocity Error: 2
Heading Error: 11.4592Iteration 1
Current Location: x=0 y=0 theta=0 velocity=0
Velocity Error: 2
Heading Error: 11.4592Iteration 2
Current Location: x=0 y=0 theta=0 velocity=0
Velocity Error: 2
Heading Error: 11.4592Iteration 3
Current Location: x=0 y=0 theta=0 velocity=0
Velocity Error: 2
Heading Error: 11.4592Iteration 4
Current Location: x=0 y=0 theta=0 velocity=0
Velocity Error: 2
Heading Error: 11.4592Iteration 5
Current Location: x=0 y=0 theta=0 velocity=0
Velocity Error: 2
Heading Error: 11.4592Iteration 6
Current Location: x=0 y=0 theta=0 velocity=0
Velocity Error: 2
Heading Error: 11.4592Iteration 7
Current Location: x=0 y=0 theta=0 velocity=0
Velocity Error: 2
Heading Error: 11.4592Iteration 8
Current Location: x=0 y=0 theta=0 velocity=0
Velocity Error: 2
Heading Error: 11.4592Iteration 9
Current Location: x=0 y=0 theta=0 velocity=0
Velocity Error: 2
Heading Error: 11.4592Iteration 10
Current Location: x=0 y=0 theta=0 velocity=0
Velocity Error: 2
Heading Error: 11.4592Iteration 11
Current Location: x=0 y=0 theta=0 velocity=0
Velocity Error: 2
Heading Error: 11.4592Iteration 12
Current Location: x=0 y=0 theta=0 velocity=0
Velocity Error: 2
Heading Error: 11.4592Iteration 13
Current Location: x=0 y=0 theta=0 velocity=0
Velocity Error: 2
Heading Error: 11.4592Iteration 14
Current Location: x=0 y=0 theta=0 velocity=0
Velocity Error: 2
Heading Error: 11.4592Iteration 15
Current Location: x=0 y=0 theta=0 velocity=0
Velocity Error: 2
Heading Error: 11.4592Iteration 16
Current Location: x=0 y=0 theta=0 velocity=0
Velocity Error: 2
Heading Error: 11.4592Iteration 17
Current Location: x=0 y=0 theta=0 velocity=0
Velocity Error: 2
Heading Error: 11.4592Iteration 18
Current Location: x=0 y=0 theta=0 velocity=0
Velocity Error: 2
Heading Error: 11.4592Iteration 19
Current Location: x=0 y=0 theta=0 velocity=0
Velocity Error: 2
Heading Error: 11.4592Iteration 20
Current Location: x=0 y=0 theta=0 velocity=0
Velocity Error: 2
Heading Error: 11.4592Iteration 21
Current Location: x=0 y=0 theta=0 velocity=0
Velocity Error: 2
Heading Error: 11.4592Iteration 22
Current Location: x=0 y=0 theta=0 velocity=0
Velocity Error: 2
Heading Error: 11.4592Iteration 23
Current Location: x=0 y=0 theta=0 velocity=0
Velocity Error: 2
Heading Error: 11.4592Iteration 24
Current Location: x=0 y=0 theta=0 velocity=0
Velocity Error: 2
Heading Error: 11.4592Iteration 25
Current Location: x=0 y=0 theta=0 velocity=0
Velocity Error: 2
Heading Error: 11.4592Iteration 26
Current Location: x=0 y=0 theta=0 velocity=0
Velocity Error: 2
Heading Error: 11.4592Iteration 27
Current Location: x=0 y=0 theta=0 velocity=0
Velocity Error: 2
Heading Error: 11.4592Iteration 28
Current Location: x=0 y=0 theta=0 velocity=0
Velocity Error: 2
Heading Error: 11.4592Iteration 29
Current Location: x=0 y=0 theta=0 velocity=0
Velocity Error: 2
Heading Error: 11.4592Iteration 30
Current Location: x=0 y=0 theta=0 velocity=0
Velocity Error: 2
Heading Error: 11.4592Iteration 31
Current Location: x=0 y=0 theta=0 velocity=0
Velocity Error: 2
Heading Error: 11.4592Iteration 32
Current Location: x=0 y=0 theta=0 velocity=0
Velocity Error: 2
Heading Error: 11.4592Iteration 33
Current Location: x=0 y=0 theta=0 velocity=0
Velocity Error: 2
Heading Error: 11.4592Iteration 34
Current Location: x=0 y=0 theta=0 velocity=0
Velocity Error: 2
Heading Error: 11.4592Iteration 35
Current Location: x=0 y=0 theta=0 velocity=0
Velocity Error: 2
Heading Error: 11.4592Iteration 36
Current Location: x=0 y=0 theta=0 velocity=0
Velocity Error: 2
Heading Error: 11.4592Iteration 37
Current Location: x=0 y=0 theta=0 velocity=0
Velocity Error: 2
Heading Error: 11.4592Iteration 38
Current Location: x=0 y=0 theta=0 velocity=0
Velocity Error: 2
Heading Error: 11.4592Iteration 39
Current Location: x=0 y=0 theta=0 velocity=0
Velocity Error: 2
Heading Error: 11.4592Iteration 40
Current Location: x=0 y=0 theta=0 velocity=0
Velocity Error: 2
Heading Error: 11.4592Iteration 41
Current Location: x=0 y=0 theta=0 velocity=0
Velocity Error: 2
Heading Error: 11.4592Iteration 42
Current Location: x=0 y=0 theta=0 velocity=0
Velocity Error: 2
Heading Error: 11.4592Iteration 43
Current Location: x=0 y=0 theta=0 velocity=0
Velocity Error: 2
Heading Error: 11.4592Iteration 44
Current Location: x=0 y=0 theta=0 velocity=0
Velocity Error: 2
Heading Error: 11.4592Iteration 45
Current Location: x=0 y=0 theta=0 velocity=0
Velocity Error: 2
Heading Error: 11.4592Iteration 46
Current Location: x=0 y=0 theta=0 velocity=0
Velocity Error: 2
Heading Error: 11.4592Iteration 47
Current Location: x=0 y=0 theta=0 velocity=0
Velocity Error: 2
Heading Error: 11.4592Iteration 48
Current Location: x=0 y=0 theta=0 velocity=0
Velocity Error: 2
Heading Error: 11.4592Iteration 49
Current Location: x=0 y=0 theta=0 velocity=0
Velocity Error: 2
Heading Error: 11.4592Iteration 50
Current Location: x=0 y=0 theta=0 velocity=0
Velocity Error: 2
Heading Error: 11.4592Iteration 51
Current Location: x=0 y=0 theta=0 velocity=0
Velocity Error: 2
Heading Error: 11.4592Iteration 52
Current Location: x=0 y=0 theta=0 velocity=0
Velocity Error: 2
Heading Error: 11.4592Iteration 53
Current Location: x=0 y=0 theta=0 velocity=0
Velocity Error: 2
Heading Error: 11.4592Iteration 54
Current Location: x=0 y=0 theta=0 velocity=0
Velocity Error: 2
Heading Error: 11.4592Iteration 55
Current Location: x=0 y=0 theta=0 velocity=0
Velocity Error: 2
Heading Error: 11.4592Iteration 56
Current Location: x=0 y=0 theta=0 velocity=0
Velocity Error: 2
Heading Error: 11.4592Iteration 57
Current Location: x=0 y=0 theta=0 velocity=0
Velocity Error: 2
Heading Error: 11.4592Iteration 58
Current Location: x=0 y=0 theta=0 velocity=0
Velocity Error: 2
Heading Error: 11.4592Iteration 59
Current Location: x=0 y=0 theta=0 velocity=0
Velocity Error: 2
Heading Error: 11.4592Iteration 60
Current Location: x=0 y=0 theta=0 velocity=0
Velocity Error: 2
Heading Error: 11.4592Iteration 61
Current Location: x=0 y=0 theta=0 velocity=0
Velocity Error: 2
Heading Error: 11.4592Iteration 62
Current Location: x=0 y=0 theta=0 velocity=0
Velocity Error: 2
Heading Error: 11.4592Iteration 63
Current Location: x=0 y=0 theta=0 velocity=0
Velocity Error: 2
Heading Error: 11.4592Iteration 64
Current Location: x=0 y=0 theta=0 velocity=0
Velocity Error: 2
Heading Error: 11.4592Iteration 65
Current Location: x=0 y=0 theta=0 velocity=0
Velocity Error: 2
Heading Error: 11.4592Iteration 66
Current Location: x=0 y=0 theta=0 velocity=0
Velocity Error: 2
Heading Error: 11.4592Iteration 67
Current Location: x=0 y=0 theta=0 velocity=0
Velocity Error: 2
Heading Error: 11.4592Iteration 68
Current Location: x=0 y=0 theta=0 velocity=0
Velocity Error: 2
Heading Error: 11.4592Iteration 69
Current Location: x=0 y=0 theta=0 velocity=0
Velocity Error: 2
Heading Error: 11.4592Iteration 70
Current Location: x=0 y=0 theta=0 velocity=0
Velocity Error: 2
Heading Error: 11.4592Iteration 71
Current Location: x=0 y=0 theta=0 velocity=0
Velocity Error: 2
Heading Error: 11.4592Iteration 72
Current Location: x=0 y=0 theta=0 velocity=0
Velocity Error: 2
Heading Error: 11.4592Iteration 73
Current Location: x=0 y=0 theta=0 velocity=0
Velocity Error: 2
Heading Error: 11.4592Iteration 74
Current Location: x=0 y=0 theta=0 velocity=0
Velocity Error: 2
Heading Error: 11.4592Iteration 75
Current Location: x=0 y=0 theta=0 velocity=0
Velocity Error: 2
Heading Error: 11.4592Iteration 76
Current Location: x=0 y=0 theta=0 velocity=0
Velocity Error: 2
Heading Error: 11.4592Iteration 77
Current Location: x=0 y=0 theta=0 velocity=0
Velocity Error: 2
Heading Error: 11.4592Iteration 78
Current Location: x=0 y=0 theta=0 velocity=0
Velocity Error: 2
Heading Error: 11.4592Iteration 79
Current Location: x=0 y=0 theta=0 velocity=0
Velocity Error: 2
Heading Error: 11.4592Iteration 80
Current Location: x=0 y=0 theta=0 velocity=0
Velocity Error: 2
Heading Error: 11.4592Iteration 81
Current Location: x=0 y=0 theta=0 velocity=0
Velocity Error: 2
Heading Error: 11.4592Iteration 82
Current Location: x=0 y=0 theta=0 velocity=0
Velocity Error: 2
Heading Error: 11.4592Iteration 83
Current Location: x=0 y=0 theta=0 velocity=0
Velocity Error: 2
Heading Error: 11.4592Iteration 84
Current Location: x=0 y=0 theta=0 velocity=0
Velocity Error: 2
Heading Error: 11.4592Iteration 85
Current Location: x=0 y=0 theta=0 velocity=0
Velocity Error: 2
Heading Error: 11.4592Iteration 86
Current Location: x=0 y=0 theta=0 velocity=0
Velocity Error: 2
Heading Error: 11.4592Iteration 87
Current Location: x=0 y=0 theta=0 velocity=0
Velocity Error: 2
Heading Error: 11.4592Iteration 88
Current Location: x=0 y=0 theta=0 velocity=0
Velocity Error: 2
Heading Error: 11.4592Iteration 89
Current Location: x=0 y=0 theta=0 velocity=0
Velocity Error: 2
Heading Error: 11.4592Iteration 90
Current Location: x=0 y=0 theta=0 velocity=0
Velocity Error: 2
Heading Error: 11.4592Iteration 91
Current Location: x=0 y=0 theta=0 velocity=0
Velocity Error: 2
Heading Error: 11.4592Iteration 92
Current Location: x=0 y=0 theta=0 velocity=0
Velocity Error: 2
Heading Error: 11.4592Iteration 93
Current Location: x=0 y=0 theta=0 velocity=0
Velocity Error: 2
Heading Error: 11.4592Iteration 94
Current Location: x=0 y=0 theta=0 velocity=0
Velocity Error: 2
Heading Error: 11.4592Iteration 95
Current Location: x=0 y=0 theta=0 velocity=0
Velocity Error: 2
Heading Error: 11.4592Iteration 96
Current Location: x=0 y=0 theta=0 velocity=0
Velocity Error: 2
Heading Error: 11.4592Iteration 97
Current Location: x=0 y=0 theta=0 velocity=0
Velocity Error: 2
Heading Error: 11.4592Iteration 98
Current Location: x=0 y=0 theta=0 velocity=0
Velocity Error: 2
Heading Error: 11.4592Iteration 99
Current Location: x=0 y=0 theta=0 velocity=0
Velocity Error: 2
Heading Error: 11.4592Iteration 100
Current Location: x=0 y=0 theta=0 velocity=0
Velocity Error: 2
Heading Error: 11.4592Iteration 101
Current Location: x=0 y=0 theta=0 velocity=0
Velocity Error: 2
Heading Error: 11.4592Iteration 102
Current Location: x=0 y=0 theta=0 velocity=0
Velocity Error: 2
Heading Error: 11.4592Iteration 103
Current Location: x=0 y=0 theta=0 velocity=0
Velocity Error: 2
Heading Error: 11.4592Iteration 104
Current Location: x=0 y=0 theta=0 velocity=0
Velocity Error: 2
Heading Error: 11.4592Iteration 105
Current Location: x=0 y=0 theta=0 velocity=0
Velocity Error: 2
Heading Error: 11.4592Iteration 106
Current Location: x=0 y=0 theta=0 velocity=0
Velocity Error: 2
Heading Error: 11.4592Iteration 107
Current Location: x=0 y=0 theta=0 velocity=0
Velocity Error: 2
Heading Error: 11.4592Iteration 108
Current Location: x=0 y=0 theta=0 velocity=0
Velocity Error: 2
Heading Error: 11.4592Iteration 109
Current Location: x=0 y=0 theta=0 velocity=0
Velocity Error: 2
Heading Error: 11.4592Iteration 110
Current Location: x=0 y=0 theta=0 velocity=0
Velocity Error: 2
Heading Error: 11.4592Iteration 111
Current Location: x=0 y=0 theta=0 velocity=0
Velocity Error: 2
Heading Error: 11.4592Iteration 112
Current Location: x=0 y=0 theta=0 velocity=0
Velocity Error: 2
Heading Error: 11.4592Iteration 113
Current Location: x=0 y=0 theta=0 velocity=0
Velocity Error: 2
Heading Error: 11.4592Iteration 114
Current Location: x=0 y=0 theta=0 velocity=0
Velocity Error: 2
Heading Error: 11.4592Iteration 115
Current Location: x=0 y=0 theta=0 velocity=0
Velocity Error: 2
Heading Error: 11.4592Iteration 116
Current Location: x=0 y=0 theta=0 velocity=0
Velocity Error: 2
Heading Error: 11.4592Iteration 117
Current Location: x=0 y=0 theta=0 velocity=0
Velocity Error: 2
Heading Error: 11.4592Iteration 118
Current Location: x=0 y=0 theta=0 velocity=0
Velocity Error: 2
Heading Error: 11.4592Iteration 119
Current Location: x=0 y=0 theta=0 velocity=0
Velocity Error: 2
Heading Error: 11.4592Iteration 120
Current Location: x=0 y=0 theta=0 velocity=0
Velocity Error: 2
Heading Error: 11.4592Iteration 121
Current Location: x=0 y=0 theta=0 velocity=0
Velocity Error: 2
Heading Error: 11.4592Iteration 122
Current Location: x=0 y=0 theta=0 velocity=0
Velocity Error: 2
Heading Error: 11.4592Iteration 123
Current Location: x=0 y=0 theta=0 velocity=0
Velocity Error: 2
Heading Error: 11.4592Iteration 124
Current Location: x=0 y=0 theta=0 velocity=0
Velocity Error: 2
Heading Error: 11.4592Iteration 125
Current Location: x=0 y=0 theta=0 velocity=0
Velocity Error: 2
Heading Error: 11.4592Iteration 126
Current Location: x=0 y=0 theta=0 velocity=0
Velocity Error: 2
Heading Error: 11.4592Iteration 127
Current Location: x=0 y=0 theta=0 velocity=0
Velocity Error: 2
Heading Error: 11.4592Iteration 128
Current Location: x=0 y=0 theta=0 velocity=0
Velocity Error: 2
Heading Error: 11.4592Iteration 129
Current Location: x=0 y=0 theta=0 velocity=0
Velocity Error: 2
Heading Error: 11.4592Iteration 130
Current Location: x=0 y=0 theta=0 velocity=0
Velocity Error: 2
Heading Error: 11.4592Iteration 131
Current Location: x=0 y=0 theta=0 velocity=0
Velocity Error: 2
Heading Error: 11.4592Iteration 132
Current Location: x=0 y=0 theta=0 velocity=0
Velocity Error: 2
Heading Error: 11.4592Iteration 133
Current Location: x=0 y=0 theta=0 velocity=0
Velocity Error: 2
Heading Error: 11.4592Iteration 134
Current Location: x=0 y=0 theta=0 velocity=0
Velocity Error: 2
Heading Error: 11.4592Iteration 135
Current Location: x=0 y=0 theta=0 velocity=0
Velocity Error: 2
Heading Error: 11.4592Iteration 136
Current Location: x=0 y=0 theta=0 velocity=0
Velocity Error: 2
Heading Error: 11.4592Iteration 137
Current Location: x=0 y=0 theta=0 velocity=0
Velocity Error: 2
Heading Error: 11.4592Iteration 138
Current Location: x=0 y=0 theta=0 velocity=0
Velocity Error: 2
Heading Error: 11.4592Iteration 139
Current Location: x=0 y=0 theta=0 velocity=0
Velocity Error: 2
Heading Error: 11.4592Iteration 140
Current Location: x=0 y=0 theta=0 velocity=0
Velocity Error: 2
Heading Error: 11.4592Iteration 141
Current Location: x=0 y=0 theta=0 velocity=0
Velocity Error: 2
Heading Error: 11.4592Iteration 142
Current Location: x=0 y=0 theta=0 velocity=0
Velocity Error: 2
Heading Error: 11.4592Iteration 143
Current Location: x=0 y=0 theta=0 velocity=0
Velocity Error: 2
Heading Error: 11.4592Iteration 144
Current Location: x=0 y=0 theta=0 velocity=0
Velocity Error: 2
Heading Error: 11.4592Iteration 145
Current Location: x=0 y=0 theta=0 velocity=0
Velocity Error: 2
Heading Error: 11.4592Iteration 146
Current Location: x=0 y=0 theta=0 velocity=0
Velocity Error: 2
Heading Error: 11.4592Iteration 147
Current Location: x=0 y=0 theta=0 velocity=0
Velocity Error: 2
Heading Error: 11.4592Iteration 148
Current Location: x=0 y=0 theta=0 velocity=0
Velocity Error: 2
Heading Error: 11.4592Iteration 149
Current Location: x=0 y=0 theta=0 velocity=0
Velocity Error: 2
Heading Error: 11.4592Iteration 150
Current Location: x=0 y=0 theta=0 velocity=0
Velocity Error: 2
Heading Error: 11.4592Iteration 151
Current Location: x=0 y=0 theta=0 velocity=0
Velocity Error: 2
Heading Error: 11.4592Iteration 152
Current Location: x=0 y=0 theta=0 velocity=0
Velocity Error: 2
Heading Error: 11.4592Iteration 153
Current Location: x=0 y=0 theta=0 velocity=0
Velocity Error: 2
Heading Error: 11.4592Iteration 154
Current Location: x=0 y=0 theta=0 velocity=0
Velocity Error: 2
Heading Error: 11.4592Iteration 155
Current Location: x=0 y=0 theta=0 velocity=0
Velocity Error: 2
Heading Error: 11.4592Iteration 156
Current Location: x=0 y=0 theta=0 velocity=0
Velocity Error: 2
Heading Error: 11.4592Iteration 157
Current Location: x=0 y=0 theta=0 velocity=0
Velocity Error: 2
Heading Error: 11.4592Iteration 158
Current Location: x=0 y=0 theta=0 velocity=0
Velocity Error: 2
Heading Error: 11.4592Iteration 159
Current Location: x=0 y=0 theta=0 velocity=0
Velocity Error: 2
Heading Error: 11.4592Iteration 160
Current Location: x=0 y=0 theta=0 velocity=0
Velocity Error: 2
Heading Error: 11.4592Iteration 161
Current Location: x=0 y=0 theta=0 velocity=0
Velocity Error: 2
Heading Error: 11.4592Iteration 162
Current Location: x=0 y=0 theta=0 velocity=0
Velocity Error: 2
Heading Error: 11.4592Iteration 163
Current Location: x=0 y=0 theta=0 velocity=0
Velocity Error: 2
Heading Error: 11.4592Iteration 164
Current Location: x=0 y=0 theta=0 velocity=0
Velocity Error: 2
Heading Error: 11.4592Iteration 165
Current Location: x=0 y=0 theta=0 velocity=0
Velocity Error: 2
Heading Error: 11.4592Iteration 166
Current Location: x=0 y=0 theta=0 velocity=0
Velocity Error: 2
Heading Error: 11.4592Iteration 167
Current Location: x=0 y=0 theta=0 velocity=0
Velocity Error: 2
Heading Error: 11.4592Iteration 168
Current Location: x=0 y=0 theta=0 velocity=0
Velocity Error: 2
Heading Error: 11.4592Iteration 169
Current Location: x=0 y=0 theta=0 velocity=0
Velocity Error: 2
Heading Error: 11.4592Iteration 170
Current Location: x=0 y=0 theta=0 velocity=0
Velocity Error: 2
Heading Error: 11.4592Iteration 171
Current Location: x=0 y=0 theta=0 velocity=0
Velocity Error: 2
Heading Error: 11.4592Iteration 172
Current Location: x=0 y=0 theta=0 velocity=0
Velocity Error: 2
Heading Error: 11.4592Iteration 173
Current Location: x=0 y=0 theta=0 velocity=0
Velocity Error: 2
Heading Error: 11.4592Iteration 174
Current Location: x=0 y=0 theta=0 velocity=0
Velocity Error: 2
Heading Error: 11.4592Iteration 175
Current Location: x=0 y=0 theta=0 velocity=0
Velocity Error: 2
Heading Error: 11.4592Iteration 176
Current Location: x=0 y=0 theta=0 velocity=0
Velocity Error: 2
Heading Error: 11.4592Iteration 177
Current Location: x=0 y=0 theta=0 velocity=0
Velocity Error: 2
Heading Error: 11.4592Iteration 178
Current Location: x=0 y=0 theta=0 velocity=0
Velocity Error: 2
Heading Error: 11.4592Iteration 179
Current Location: x=0 y=0 theta=0 velocity=0
Velocity Error: 2
Heading Error: 11.4592Iteration 180
Current Location: x=0 y=0 theta=0 velocity=0
Velocity Error: 2
Heading Error: 11.4592Iteration 181
Current Location: x=0 y=0 theta=0 velocity=0
Velocity Error: 2
Heading Error: 11.4592Iteration 182
Current Location: x=0 y=0 theta=0 velocity=0
Velocity Error: 2
Heading Error: 11.4592Iteration 183
Current Location: x=0 y=0 theta=0 velocity=0
Velocity Error: 2
Heading Error: 11.4592Iteration 184
Current Location: x=0 y=0 theta=0 velocity=0
Velocity Error: 2
Heading Error: 11.4592Iteration 185
Current Location: x=0 y=0 theta=0 velocity=0
Velocity Error: 2
Heading Error: 11.4592Iteration 186
Current Location: x=0 y=0 theta=0 velocity=0
Velocity Error: 2
Heading Error: 11.4592Iteration 187
Current Location: x=0 y=0 theta=0 velocity=0
Velocity Error: 2
Heading Error: 11.4592Iteration 188
Current Location: x=0 y=0 theta=0 velocity=0
Velocity Error: 2
Heading Error: 11.4592Iteration 189
Current Location: x=0 y=0 theta=0 velocity=0
Velocity Error: 2
Heading Error: 11.4592Iteration 190
Current Location: x=0 y=0 theta=0 velocity=0
Velocity Error: 2
Heading Error: 11.4592Iteration 191
Current Location: x=0 y=0 theta=0 velocity=0
Velocity Error: 2
Heading Error: 11.4592Iteration 192
Current Location: x=0 y=0 theta=0 velocity=0
Velocity Error: 2
Heading Error: 11.4592Iteration 193
Current Location: x=0 y=0 theta=0 velocity=0
Velocity Error: 2
Heading Error: 11.4592Iteration 194
Current Location: x=0 y=0 theta=0 velocity=0
Velocity Error: 2
Heading Error: 11.4592Iteration 195
Current Location: x=0 y=0 theta=0 velocity=0
Velocity Error: 2
Heading Error: 11.4592Iteration 196
Current Location: x=0 y=0 theta=0 velocity=0
Velocity Error: 2
Heading Error: 11.4592Iteration 197
Current Location: x=0 y=0 theta=0 velocity=0
Velocity Error: 2
Heading Error: 11.4592Iteration 198
Current Location: x=0 y=0 theta=0 velocity=0
Velocity Error: 2
Heading Error: 11.4592Iteration 199
Current Location: x=0 y=0 theta=0 velocity=0
Velocity Error: 2
Heading Error: 11.4592Iteration 200
Current Location: x=0 y=0 theta=0 velocity=0
Velocity Error: 2
Heading Error: 11.4592Iteration 201
Current Location: x=0 y=0 theta=0 velocity=0
Velocity Error: 2
Heading Error: 11.4592Iteration 202
Current Location: x=0 y=0 theta=0 velocity=0
Velocity Error: 2
Heading Error: 11.4592Iteration 203
Current Location: x=0 y=0 theta=0 velocity=0
Velocity Error: 2
Heading Error: 11.4592Iteration 204
Current Location: x=0 y=0 theta=0 velocity=0
Velocity Error: 2
Heading Error: 11.4592Iteration 205
Current Location: x=0 y=0 theta=0 velocity=0
Velocity Error: 2
Heading Error: 11.4592Iteration 206
Current Location: x=0 y=0 theta=0 velocity=0
Velocity Error: 2
Heading Error: 11.4592Iteration 207
Current Location: x=0 y=0 theta=0 velocity=0
Velocity Error: 2
Heading Error: 11.4592Iteration 208
Current Location: x=0 y=0 theta=0 velocity=0
Velocity Error: 2
Heading Error: 11.4592Iteration 209
Current Location: x=0 y=0 theta=0 velocity=0
Velocity Error: 2
Heading Error: 11.4592Iteration 210
Current Location: x=0 y=0 theta=0 velocity=0
Velocity Error: 2
Heading Error: 11.4592Iteration 211
Current Location: x=0 y=0 theta=0 velocity=0
Velocity Error: 2
Heading Error: 11.4592Iteration 212
Current Location: x=0 y=0 theta=0 velocity=0
Velocity Error: 2
Heading Error: 11.4592Iteration 213
Current Location: x=0 y=0 theta=0 velocity=0
Velocity Error: 2
Heading Error: 11.4592Iteration 214
Current Location: x=0 y=0 theta=0 velocity=0
Velocity Error: 2
Heading Error: 11.4592Iteration 215
Current Location: x=0 y=0 theta=0 velocity=0
Velocity Error: 2
Heading Error: 11.4592Iteration 216
Current Location: x=0 y=0 theta=0 velocity=0
Velocity Error: 2
Heading Error: 11.4592Iteration 217
Current Location: x=0 y=0 theta=0 velocity=0
Velocity Error: 2
Heading Error: 11.4592Iteration 218
Current Location: x=0 y=0 theta=0 velocity=0
Velocity Error: 2
Heading Error: 11.4592Iteration 219
Current Location: x=0 y=0 theta=0 velocity=0
Velocity Error: 2
Heading Error: 11.4592Iteration 220
Current Location: x=0 y=0 theta=0 velocity=0
Velocity Error: 2
Heading Error: 11.4592Iteration 221
Current Location: x=0 y=0 theta=0 velocity=0
Velocity Error: 2
Heading Error: 11.4592Iteration 222
Current Location: x=0 y=0 theta=0 velocity=0
Velocity Error: 2
Heading Error: 11.4592Iteration 223
Current Location: x=0 y=0 theta=0 velocity=0
Velocity Error: 2
Heading Error: 11.4592Iteration 224
Current Location: x=0 y=0 theta=0 velocity=0
Velocity Error: 2
Heading Error: 11.4592Iteration 225
Current Location: x=0 y=0 theta=0 velocity=0
Velocity Error: 2
Heading Error: 11.4592Iteration 226
Current Location: x=0 y=0 theta=0 velocity=0
Velocity Error: 2
Heading Error: 11.4592Iteration 227
Current Location: x=0 y=0 theta=0 velocity=0
Velocity Error: 2
Heading Error: 11.4592Iteration 228
Current Location: x=0 y=0 theta=0 velocity=0
Velocity Error: 2
Heading Error: 11.4592Iteration 229
Current Location: x=0 y=0 theta=0 velocity=0
Velocity Error: 2
Heading Error: 11.4592Iteration 230
Current Location: x=0 y=0 theta=0 velocity=0
Velocity Error: 2
Heading Error: 11.4592Iteration 231
Current Location: x=0 y=0 theta=0 velocity=0
Velocity Error: 2
Heading Error: 11.4592Iteration 232
Current Location: x=0 y=0 theta=0 velocity=0
Velocity Error: 2
Heading Error: 11.4592Iteration 233
Current Location: x=0 y=0 theta=0 velocity=0
Velocity Error: 2
Heading Error: 11.4592Iteration 234
Current Location: x=0 y=0 theta=0 velocity=0
Velocity Error: 2
Heading Error: 11.4592Iteration 235
Current Location: x=0 y=0 theta=0 velocity=0
Velocity Error: 2
Heading Error: 11.4592Iteration 236
Current Location: x=0 y=0 theta=0 velocity=0
Velocity Error: 2
Heading Error: 11.4592Iteration 237
Current Location: x=0 y=0 theta=0 velocity=0
Velocity Error: 2
Heading Error: 11.4592Iteration 238
Current Location: x=0 y=0 theta=0 velocity=0
Velocity Error: 2
Heading Error: 11.4592Iteration 239
Current Location: x=0 y=0 theta=0 velocity=0
Velocity Error: 2
Heading Error: 11.4592Iteration 240
Current Location: x=0 y=0 theta=0 velocity=0
Velocity Error: 2
Heading Error: 11.4592Iteration 241
Current Location: x=0 y=0 theta=0 velocity=0
Velocity Error: 2
Heading Error: 11.4592Iteration 242
Current Location: x=0 y=0 theta=0 velocity=0
Velocity Error: 2
Heading Error: 11.4592Iteration 243
Current Location: x=0 y=0 theta=0 velocity=0
Velocity Error: 2
Heading Error: 11.4592Iteration 244
Current Location: x=0 y=0 theta=0 velocity=0
Velocity Error: 2
Heading Error: 11.4592Iteration 245
Current Location: x=0 y=0 theta=0 velocity=0
Velocity Error: 2
Heading Error: 11.4592Iteration 246
Current Location: x=0 y=0 theta=0 velocity=0
Velocity Error: 2
Heading Error: 11.4592Iteration 247
Current Location: x=0 y=0 theta=0 velocity=0
Velocity Error: 2
Heading Error: 11.4592Iteration 248
Current Location: x=0 y=0 theta=0 velocity=0
Velocity Error: 2
Heading Error: 11.4592Iteration 249
Current Location: x=0 y=0 theta=0 velocity=0
Velocity Error: 2
Heading Error: 11.4592Iteration 250
Current Location: x=0 y=0 theta=0 velocity=0
Velocity Error: 2
Heading Error: 11.4592Iteration 251
Current Location: x=0 y=0 theta=0 velocity=0
Velocity Error: 2
Heading Error: 11.4592Iteration 252
Current Location: x=0 y=0 theta=0 velocity=0
Velocity Error: 2
Heading Error: 11.4592Iteration 253
Current Location: x=0 y=0 theta=0 velocity=0
Velocity Error: 2
Heading Error: 11.4592Iteration 254
Current Location: x=0 y=0 theta=0 velocity=0
Velocity Error: 2
Heading Error: 11.4592Iteration 255
Current Location: x=0 y=0 theta=0 velocity=0
Velocity Error: 2
Heading Error: 11.4592Iteration 256
Current Location: x=0 y=0 theta=0 velocity=0
Velocity Error: 2
Heading Error: 11.4592Iteration 257
Current Location: x=0 y=0 theta=0 velocity=0
Velocity Error: 2
Heading Error: 11.4592Iteration 258
Current Location: x=0 y=0 theta=0 velocity=0
Velocity Error: 2
Heading Error: 11.4592Iteration 259
Current Location: x=0 y=0 theta=0 velocity=0
Velocity Error: 2
Heading Error: 11.4592Iteration 260
Current Location: x=0 y=0 theta=0 velocity=0
Velocity Error: 2
Heading Error: 11.4592Iteration 261
Current Location: x=0 y=0 theta=0 velocity=0
Velocity Error: 2
Heading Error: 11.4592Iteration 262
Current Location: x=0 y=0 theta=0 velocity=0
Velocity Error: 2
Heading Error: 11.4592Iteration 263
Current Location: x=0 y=0 theta=0 velocity=0
Velocity Error: 2
Heading Error: 11.4592Iteration 264
Current Location: x=0 y=0 theta=0 velocity=0
Velocity Error: 2
Heading Error: 11.4592Iteration 265
Current Location: x=0 y=0 theta=0 velocity=0
Velocity Error: 2
Heading Error: 11.4592Iteration 266
Current Location: x=0 y=0 theta=0 velocity=0
Velocity Error: 2
Heading Error: 11.4592Iteration 267
Current Location: x=0 y=0 theta=0 velocity=0
Velocity Error: 2
Heading Error: 11.4592Iteration 268
Current Location: x=0 y=0 theta=0 velocity=0
Velocity Error: 2
Heading Error: 11.4592Iteration 269
Current Location: x=0 y=0 theta=0 velocity=0
Velocity Error: 2
Heading Error: 11.4592Iteration 270
Current Location: x=0 y=0 theta=0 velocity=0
Velocity Error: 2
Heading Error: 11.4592Iteration 271
Current Location: x=0 y=0 theta=0 velocity=0
Velocity Error: 2
Heading Error: 11.4592Iteration 272
Current Location: x=0 y=0 theta=0 velocity=0
Velocity Error: 2
Heading Error: 11.4592Iteration 273
Current Location: x=0 y=0 theta=0 velocity=0
Velocity Error: 2
Heading Error: 11.4592Iteration 274
Current Location: x=0 y=0 theta=0 velocity=0
Velocity Error: 2
Heading Error: 11.4592Iteration 275
Current Location: x=0 y=0 theta=0 velocity=0
Velocity Error: 2
Heading Error: 11.4592Iteration 276
Current Location: x=0 y=0 theta=0 velocity=0
Velocity Error: 2
Heading Error: 11.4592Iteration 277
Current Location: x=0 y=0 theta=0 velocity=0
Velocity Error: 2
Heading Error: 11.4592Iteration 278
Current Location: x=0 y=0 theta=0 velocity=0
Velocity Error: 2
Heading Error: 11.4592Iteration 279
Current Location: x=0 y=0 theta=0 velocity=0
Velocity Error: 2
Heading Error: 11.4592Iteration 280
Current Location: x=0 y=0 theta=0 velocity=0
Velocity Error: 2
Heading Error: 11.4592Iteration 281
Current Location: x=0 y=0 theta=0 velocity=0
Velocity Error: 2
Heading Error: 11.4592Iteration 282
Current Location: x=0 y=0 theta=0 velocity=0
Velocity Error: 2
Heading Error: 11.4592Iteration 283
Current Location: x=0 y=0 theta=0 velocity=0
Velocity Error: 2
Heading Error: 11.4592Iteration 284
Current Location: x=0 y=0 theta=0 velocity=0
Velocity Error: 2
Heading Error: 11.4592Iteration 285
Current Location: x=0 y=0 theta=0 velocity=0
Velocity Error: 2
Heading Error: 11.4592Iteration 286
Current Location: x=0 y=0 theta=0 velocity=0
Velocity Error: 2
Heading Error: 11.4592Iteration 287
Current Location: x=0 y=0 theta=0 velocity=0
Velocity Error: 2
Heading Error: 11.4592Iteration 288
Current Location: x=0 y=0 theta=0 velocity=0
Velocity Error: 2
Heading Error: 11.4592Iteration 289
Current Location: x=0 y=0 theta=0 velocity=0
Velocity Error: 2
Heading Error: 11.4592Iteration 290
Current Location: x=0 y=0 theta=0 velocity=0
Velocity Error: 2
Heading Error: 11.4592Iteration 291
Current Location: x=0 y=0 theta=0 velocity=0
Velocity Error: 2
Heading Error: 11.4592Iteration 292
Current Location: x=0 y=0 theta=0 velocity=0
Velocity Error: 2
Heading Error: 11.4592Iteration 293
Current Location: x=0 y=0 theta=0 velocity=0
Velocity Error: 2
Heading Error: 11.4592Iteration 294
Current Location: x=0 y=0 theta=0 velocity=0
Velocity Error: 2
Heading Error: 11.4592Iteration 295
Current Location: x=0 y=0 theta=0 velocity=0
Velocity Error: 2
Heading Error: 11.4592Iteration 296
Current Location: x=0 y=0 theta=0 velocity=0
Velocity Error: 2
Heading Error: 11.4592Iteration 297
Current Location: x=0 y=0 theta=0 velocity=0
Velocity Error: 2
Heading Error: 11.4592Iteration 298
Current Location: x=0 y=0 theta=0 velocity=0
Velocity Error: 2
Heading Error: 11.4592Iteration 299
Current Location: x=0 y=0 theta=0 velocity=0
Velocity Error: 2
Heading Error: 11.4592Iteration 300
Current Location: x=0 y=0 theta=0 velocity=0
Velocity Error: 2
Heading Error: 11.4592Iteration 301
Current Location: x=0 y=0 theta=0 velocity=0
Velocity Error: 2
Heading Error: 11.4592Iteration 302
Current Location: x=0 y=0 theta=0 velocity=0
Velocity Error: 2
Heading Error: 11.4592Iteration 303
Current Location: x=0 y=0 theta=0 velocity=0
Velocity Error: 2
Heading Error: 11.4592Iteration 304
Current Location: x=0 y=0 theta=0 velocity=0
Velocity Error: 2
Heading Error: 11.4592Iteration 305
Current Location: x=0 y=0 theta=0 velocity=0
Velocity Error: 2
Heading Error: 11.4592Iteration 306
Current Location: x=0 y=0 theta=0 velocity=0
Velocity Error: 2
Heading Error: 11.4592Iteration 307
Current Location: x=0 y=0 theta=0 velocity=0
Velocity Error: 2
Heading Error: 11.4592Iteration 308
Current Location: x=0 y=0 theta=0 velocity=0
Velocity Error: 2
Heading Error: 11.4592Iteration 309
Current Location: x=0 y=0 theta=0 velocity=0
Velocity Error: 2
Heading Error: 11.4592Iteration 310
Current Location: x=0 y=0 theta=0 velocity=0
Velocity Error: 2
Heading Error: 11.4592Iteration 311
Current Location: x=0 y=0 theta=0 velocity=0
Velocity Error: 2
Heading Error: 11.4592Iteration 312
Current Location: x=0 y=0 theta=0 velocity=0
Velocity Error: 2
Heading Error: 11.4592Iteration 313
Current Location: x=0 y=0 theta=0 velocity=0
Velocity Error: 2
Heading Error: 11.4592Iteration 314
Current Location: x=0 y=0 theta=0 velocity=0
Velocity Error: 2
Heading Error: 11.4592Iteration 315
Current Location: x=0 y=0 theta=0 velocity=0
Velocity Error: 2
Heading Error: 11.4592Iteration 316
Current Location: x=0 y=0 theta=0 velocity=0
Velocity Error: 2
Heading Error: 11.4592Iteration 317
Current Location: x=0 y=0 theta=0 velocity=0
Velocity Error: 2
Heading Error: 11.4592Iteration 318
Current Location: x=0 y=0 theta=0 velocity=0
Velocity Error: 2
Heading Error: 11.4592Iteration 319
Current Location: x=0 y=0 theta=0 velocity=0
Velocity Error: 2
Heading Error: 11.4592Iteration 320
Current Location: x=0 y=0 theta=0 velocity=0
Velocity Error: 2
Heading Error: 11.4592Iteration 321
Current Location: x=0 y=0 theta=0 velocity=0
Velocity Error: 2
Heading Error: 11.4592Iteration 322
Current Location: x=0 y=0 theta=0 velocity=0
Velocity Error: 2
Heading Error: 11.4592Iteration 323
Current Location: x=0 y=0 theta=0 velocity=0
Velocity Error: 2
Heading Error: 11.4592Iteration 324
Current Location: x=0 y=0 theta=0 velocity=0
Velocity Error: 2
Heading Error: 11.4592Iteration 325
Current Location: x=0 y=0 theta=0 velocity=0
Velocity Error: 2
Heading Error: 11.4592Iteration 326
Current Location: x=0 y=0 theta=0 velocity=0
Velocity Error: 2
Heading Error: 11.4592Iteration 327
Current Location: x=0 y=0 theta=0 velocity=0
Velocity Error: 2
Heading Error: 11.4592Iteration 328
Current Location: x=0 y=0 theta=0 velocity=0
Velocity Error: 2
Heading Error: 11.4592Iteration 329
Current Location: x=0 y=0 theta=0 velocity=0
Velocity Error: 2
Heading Error: 11.4592Iteration 330
Current Location: x=0 y=0 theta=0 velocity=0
Velocity Error: 2
Heading Error: 11.4592Iteration 331
Current Location: x=0 y=0 theta=0 velocity=0
Velocity Error: 2
Heading Error: 11.4592Iteration 332
Current Location: x=0 y=0 theta=0 velocity=0
Velocity Error: 2
Heading Error: 11.4592Iteration 333
Current Location: x=0 y=0 theta=0 velocity=0
Velocity Error: 2
Heading Error: 11.4592Iteration 334
Current Location: x=0 y=0 theta=0 velocity=0
Velocity Error: 2
Heading Error: 11.4592Iteration 335
Current Location: x=0 y=0 theta=0 velocity=0
Velocity Error: 2
Heading Error: 11.4592Iteration 336
Current Location: x=0 y=0 theta=0 velocity=0
Velocity Error: 2
Heading Error: 11.4592Iteration 337
Current Location: x=0 y=0 theta=0 velocity=0
Velocity Error: 2
Heading Error: 11.4592Iteration 338
Current Location: x=0 y=0 theta=0 velocity=0
Velocity Error: 2
Heading Error: 11.4592Iteration 339
Current Location: x=0 y=0 theta=0 velocity=0
Velocity Error: 2
Heading Error: 11.4592Iteration 340
Current Location: x=0 y=0 theta=0 velocity=0
Velocity Error: 2
Heading Error: 11.4592Iteration 341
Current Location: x=0 y=0 theta=0 velocity=0
Velocity Error: 2
Heading Error: 11.4592Iteration 342
Current Location: x=0 y=0 theta=0 velocity=0
Velocity Error: 2
Heading Error: 11.4592Iteration 343
Current Location: x=0 y=0 theta=0 velocity=0
Velocity Error: 2
Heading Error: 11.4592Iteration 344
Current Location: x=0 y=0 theta=0 velocity=0
Velocity Error: 2
Heading Error: 11.4592Iteration 345
Current Location: x=0 y=0 theta=0 velocity=0
Velocity Error: 2
Heading Error: 11.4592Iteration 346
Current Location: x=0 y=0 theta=0 velocity=0
Velocity Error: 2
Heading Error: 11.4592Iteration 347
Current Location: x=0 y=0 theta=0 velocity=0
Velocity Error: 2
Heading Error: 11.4592Iteration 348
Current Location: x=0 y=0 theta=0 velocity=0
Velocity Error: 2
Heading Error: 11.4592Iteration 349
Current Location: x=0 y=0 theta=0 velocity=0
Velocity Error: 2
Heading Error: 11.4592Iteration 350
Current Location: x=0 y=0 theta=0 velocity=0
Velocity Error: 2
Heading Error: 11.4592Iteration 351
Current Location: x=0 y=0 theta=0 velocity=0
Velocity Error: 2
Heading Error: 11.4592Iteration 352
Current Location: x=0 y=0 theta=0 velocity=0
Velocity Error: 2
Heading Error: 11.4592Iteration 353
Current Location: x=0 y=0 theta=0 velocity=0
Velocity Error: 2
Heading Error: 11.4592Iteration 354
Current Location: x=0 y=0 theta=0 velocity=0
Velocity Error: 2
Heading Error: 11.4592Iteration 355
Current Location: x=0 y=0 theta=0 velocity=0
Velocity Error: 2
Heading Error: 11.4592Iteration 356
Current Location: x=0 y=0 theta=0 velocity=0
Velocity Error: 2
Heading Error: 11.4592Iteration 357
Current Location: x=0 y=0 theta=0 velocity=0
Velocity Error: 2
Heading Error: 11.4592Iteration 358
Current Location: x=0 y=0 theta=0 velocity=0
Velocity Error: 2
Heading Error: 11.4592Iteration 359
Current Location: x=0 y=0 theta=0 velocity=0
Velocity Error: 2
Heading Error: 11.4592Iteration 360
Current Location: x=0 y=0 theta=0 velocity=0
Velocity Error: 2
Heading Error: 11.4592Iteration 361
Current Location: x=0 y=0 theta=0 velocity=0
Velocity Error: 2
Heading Error: 11.4592Iteration 362
Current Location: x=0 y=0 theta=0 velocity=0
Velocity Error: 2
Heading Error: 11.4592Iteration 363
Current Location: x=0 y=0 theta=0 velocity=0
Velocity Error: 2
Heading Error: 11.4592Iteration 364
Current Location: x=0 y=0 theta=0 velocity=0
Velocity Error: 2
Heading Error: 11.4592Iteration 365
Current Location: x=0 y=0 theta=0 velocity=0
Velocity Error: 2
Heading Error: 11.4592Iteration 366
Current Location: x=0 y=0 theta=0 velocity=0
Velocity Error: 2
Heading Error: 11.4592Iteration 367
Current Location: x=0 y=0 theta=0 velocity=0
Velocity Error: 2
Heading Error: 11.4592Iteration 368
Current Location: x=0 y=0 theta=0 velocity=0
Velocity Error: 2
Heading Error: 11.4592Iteration 369
Current Location: x=0 y=0 theta=0 velocity=0
Velocity Error: 2
Heading Error: 11.4592Iteration 370
Current Location: x=0 y=0 theta=0 velocity=0
Velocity Error: 2
Heading Error: 11.4592Iteration 371
Current Location: x=0 y=0 theta=0 velocity=0
Velocity Error: 2
Heading Error: 11.4592Iteration 372
Current Location: x=0 y=0 theta=0 velocity=0
Velocity Error: 2
Heading Error: 11.4592Iteration 373
Current Location: x=0 y=0 theta=0 velocity=0
Velocity Error: 2
Heading Error: 11.4592Iteration 374
Current Location: x=0 y=0 theta=0 velocity=0
Velocity Error: 2
Heading Error: 11.4592Iteration 375
Current Location: x=0 y=0 theta=0 velocity=0
Velocity Error: 2
Heading Error: 11.4592Iteration 376
Current Location: x=0 y=0 theta=0 velocity=0
Velocity Error: 2
Heading Error: 11.4592Iteration 377
Current Location: x=0 y=0 theta=0 velocity=0
Velocity Error: 2
Heading Error: 11.4592Iteration 378
Current Location: x=0 y=0 theta=0 velocity=0
Velocity Error: 2
Heading Error: 11.4592Iteration 379
Current Location: x=0 y=0 theta=0 velocity=0
Velocity Error: 2
Heading Error: 11.4592Iteration 380
Current Location: x=0 y=0 theta=0 velocity=0
Velocity Error: 2
Heading Error: 11.4592Iteration 381
Current Location: x=0 y=0 theta=0 velocity=0
Velocity Error: 2
Heading Error: 11.4592Iteration 382
Current Location: x=0 y=0 theta=0 velocity=0
Velocity Error: 2
Heading Error: 11.4592Iteration 383
Current Location: x=0 y=0 theta=0 velocity=0
Velocity Error: 2
Heading Error: 11.4592Iteration 384
Current Location: x=0 y=0 theta=0 velocity=0
Velocity Error: 2
Heading Error: 11.4592Iteration 385
Current Location: x=0 y=0 theta=0 velocity=0
Velocity Error: 2
Heading Error: 11.4592Iteration 386
Current Location: x=0 y=0 theta=0 velocity=0
Velocity Error: 2
Heading Error: 11.4592Iteration 387
Current Location: x=0 y=0 theta=0 velocity=0
Velocity Error: 2
Heading Error: 11.4592Iteration 388
Current Location: x=0 y=0 theta=0 velocity=0
Velocity Error: 2
Heading Error: 11.4592Iteration 389
Current Location: x=0 y=0 theta=0 velocity=0
Velocity Error: 2
Heading Error: 11.4592Iteration 390
Current Location: x=0 y=0 theta=0 velocity=0
Velocity Error: 2
Heading Error: 11.4592Iteration 391
Current Location: x=0 y=0 theta=0 velocity=0
Velocity Error: 2
Heading Error: 11.4592Iteration 392
Current Location: x=0 y=0 theta=0 velocity=0
Velocity Error: 2
Heading Error: 11.4592Iteration 393
Current Location: x=0 y=0 theta=0 velocity=0
Velocity Error: 2
Heading Error: 11.4592Iteration 394
Current Location: x=0 y=0 theta=0 velocity=0
Velocity Error: 2
Heading Error: 11.4592Iteration 395
Current Location: x=0 y=0 theta=0 velocity=0
Velocity Error: 2
Heading Error: 11.4592Iteration 396
Current Location: x=0 y=0 theta=0 velocity=0
Velocity Error: 2
Heading Error: 11.4592Iteration 397
Current Location: x=0 y=0 theta=0 velocity=0
Velocity Error: 2
Heading Error: 11.4592Iteration 398
Current Location: x=0 y=0 theta=0 velocity=0
Velocity Error: 2
Heading Error: 11.4592Iteration 399
Current Location: x=0 y=0 theta=0 velocity=0
Velocity Error: 2
Heading Error: 11.4592Iteration 400
Current Location: x=0 y=0 theta=0 velocity=0
Velocity Error: 2
Heading Error: 11.4592Iteration 401
Current Location: x=0 y=0 theta=0 velocity=0
Velocity Error: 2
Heading Error: 11.4592Iteration 402
Current Location: x=0 y=0 theta=0 velocity=0
Velocity Error: 2
Heading Error: 11.4592Iteration 403
Current Location: x=0 y=0 theta=0 velocity=0
Velocity Error: 2
Heading Error: 11.4592Iteration 404
Current Location: x=0 y=0 theta=0 velocity=0
Velocity Error: 2
Heading Error: 11.4592Iteration 405
Current Location: x=0 y=0 theta=0 velocity=0
Velocity Error: 2
Heading Error: 11.4592Iteration 406
Current Location: x=0 y=0 theta=0 velocity=0
Velocity Error: 2
Heading Error: 11.4592Iteration 407
Current Location: x=0 y=0 theta=0 velocity=0
Velocity Error: 2
Heading Error: 11.4592Iteration 408
Current Location: x=0 y=0 theta=0 velocity=0
Velocity Error: 2
Heading Error: 11.4592Iteration 409
Current Location: x=0 y=0 theta=0 velocity=0
Velocity Error: 2
Heading Error: 11.4592Iteration 410
Current Location: x=0 y=0 theta=0 velocity=0
Velocity Error: 2
Heading Error: 11.4592Iteration 411
Current Location: x=0 y=0 theta=0 velocity=0
Velocity Error: 2
Heading Error: 11.4592Iteration 412
Current Location: x=0 y=0 theta=0 velocity=0
Velocity Error: 2
Heading Error: 11.4592Iteration 413
Current Location: x=0 y=0 theta=0 velocity=0
Velocity Error: 2
Heading Error: 11.4592Iteration 414
Current Location: x=0 y=0 theta=0 velocity=0
Velocity Error: 2
Heading Error: 11.4592Iteration 415
Current Location: x=0 y=0 theta=0 velocity=0
Velocity Error: 2
Heading Error: 11.4592Iteration 416
Current Location: x=0 y=0 theta=0 velocity=0
Velocity Error: 2
Heading Error: 11.4592Iteration 417
Current Location: x=0 y=0 theta=0 velocity=0
Velocity Error: 2
Heading Error: 11.4592Iteration 418
Current Location: x=0 y=0 theta=0 velocity=0
Velocity Error: 2
Heading Error: 11.4592Iteration 419
Current Location: x=0 y=0 theta=0 velocity=0
Velocity Error: 2
Heading Error: 11.4592Iteration 420
Current Location: x=0 y=0 theta=0 velocity=0
Velocity Error: 2
Heading Error: 11.4592Iteration 421
Current Location: x=0 y=0 theta=0 velocity=0
Velocity Error: 2
Heading Error: 11.4592Iteration 422
Current Location: x=0 y=0 theta=0 velocity=0
Velocity Error: 2
Heading Error: 11.4592Iteration 423
Current Location: x=0 y=0 theta=0 velocity=0
Velocity Error: 2
Heading Error: 11.4592Iteration 424
Current Location: x=0 y=0 theta=0 velocity=0
Velocity Error: 2
Heading Error: 11.4592Iteration 425
Current Location: x=0 y=0 theta=0 velocity=0
Velocity Error: 2
Heading Error: 11.4592Iteration 426
Current Location: x=0 y=0 theta=0 velocity=0
Velocity Error: 2
Heading Error: 11.4592Iteration 427
Current Location: x=0 y=0 theta=0 velocity=0
Velocity Error: 2
Heading Error: 11.4592Iteration 428
Current Location: x=0 y=0 theta=0 velocity=0
Velocity Error: 2
Heading Error: 11.4592Iteration 429
Current Location: x=0 y=0 theta=0 velocity=0
Velocity Error: 2
Heading Error: 11.4592Iteration 430
Current Location: x=0 y=0 theta=0 velocity=0
Velocity Error: 2
Heading Error: 11.4592Iteration 431
Current Location: x=0 y=0 theta=0 velocity=0
Velocity Error: 2
Heading Error: 11.4592Iteration 432
Current Location: x=0 y=0 theta=0 velocity=0
Velocity Error: 2
Heading Error: 11.4592Iteration 433
Current Location: x=0 y=0 theta=0 velocity=0
Velocity Error: 2
Heading Error: 11.4592Iteration 434
Current Location: x=0 y=0 theta=0 velocity=0
Velocity Error: 2
Heading Error: 11.4592Iteration 435
Current Location: x=0 y=0 theta=0 velocity=0
Velocity Error: 2
Heading Error: 11.4592Iteration 436
Current Location: x=0 y=0 theta=0 velocity=0
Velocity Error: 2
Heading Error: 11.4592Iteration 437
Current Location: x=0 y=0 theta=0 velocity=0
Velocity Error: 2
Heading Error: 11.4592Iteration 438
Current Location: x=0 y=0 theta=0 velocity=0
Velocity Error: 2
Heading Error: 11.4592Iteration 439
Current Location: x=0 y=0 theta=0 velocity=0
Velocity Error: 2
Heading Error: 11.4592Iteration 440
Current Location: x=0 y=0 theta=0 velocity=0
Velocity Error: 2
Heading Error: 11.4592Iteration 441
Current Location: x=0 y=0 theta=0 velocity=0
Velocity Error: 2
Heading Error: 11.4592Iteration 442
Current Location: x=0 y=0 theta=0 velocity=0
Velocity Error: 2
Heading Error: 11.4592Iteration 443
Current Location: x=0 y=0 theta=0 velocity=0
Velocity Error: 2
Heading Error: 11.4592Iteration 444
Current Location: x=0 y=0 theta=0 velocity=0
Velocity Error: 2
Heading Error: 11.4592Iteration 445
Current Location: x=0 y=0 theta=0 velocity=0
Velocity Error: 2
Heading Error: 11.4592Iteration 446
Current Location: x=0 y=0 theta=0 velocity=0
Velocity Error: 2
Heading Error: 11.4592Iteration 447
Current Location: x=0 y=0 theta=0 velocity=0
Velocity Error: 2
Heading Error: 11.4592Iteration 448
Current Location: x=0 y=0 theta=0 velocity=0
Velocity Error: 2
Heading Error: 11.4592Iteration 449
Current Location: x=0 y=0 theta=0 velocity=0
Velocity Error: 2
Heading Error: 11.4592Iteration 450
Current Location: x=0 y=0 theta=0 velocity=0
Velocity Error: 2
Heading Error: 11.4592Iteration 451
Current Location: x=0 y=0 theta=0 velocity=0
Velocity Error: 2
Heading Error: 11.4592Iteration 452
Current Location: x=0 y=0 theta=0 velocity=0
Velocity Error: 2
Heading Error: 11.4592Iteration 453
Current Location: x=0 y=0 theta=0 velocity=0
Velocity Error: 2
Heading Error: 11.4592Iteration 454
Current Location: x=0 y=0 theta=0 velocity=0
Velocity Error: 2
Heading Error: 11.4592Iteration 455
Current Location: x=0 y=0 theta=0 velocity=0
Velocity Error: 2
Heading Error: 11.4592Iteration 456
Current Location: x=0 y=0 theta=0 velocity=0
Velocity Error: 2
Heading Error: 11.4592Iteration 457
Current Location: x=0 y=0 theta=0 velocity=0
Velocity Error: 2
Heading Error: 11.4592Iteration 458
Current Location: x=0 y=0 theta=0 velocity=0
Velocity Error: 2
Heading Error: 11.4592Iteration 459
Current Location: x=0 y=0 theta=0 velocity=0
Velocity Error: 2
Heading Error: 11.4592Iteration 460
Current Location: x=0 y=0 theta=0 velocity=0
Velocity Error: 2
Heading Error: 11.4592Iteration 461
Current Location: x=0 y=0 theta=0 velocity=0
Velocity Error: 2
Heading Error: 11.4592Iteration 462
Current Location: x=0 y=0 theta=0 velocity=0
Velocity Error: 2
Heading Error: 11.4592Iteration 463
Current Location: x=0 y=0 theta=0 velocity=0
Velocity Error: 2
Heading Error: 11.4592Iteration 464
Current Location: x=0 y=0 theta=0 velocity=0
Velocity Error: 2
Heading Error: 11.4592Iteration 465
Current Location: x=0 y=0 theta=0 velocity=0
Velocity Error: 2
Heading Error: 11.4592Iteration 466
Current Location: x=0 y=0 theta=0 velocity=0
Velocity Error: 2
Heading Error: 11.4592Iteration 467
Current Location: x=0 y=0 theta=0 velocity=0
Velocity Error: 2
Heading Error: 11.4592Iteration 468
Current Location: x=0 y=0 theta=0 velocity=0
Velocity Error: 2
Heading Error: 11.4592Iteration 469
Current Location: x=0 y=0 theta=0 velocity=0
Velocity Error: 2
Heading Error: 11.4592Iteration 470
Current Location: x=0 y=0 theta=0 velocity=0
Velocity Error: 2
Heading Error: 11.4592Iteration 471
Current Location: x=0 y=0 theta=0 velocity=0
Velocity Error: 2
Heading Error: 11.4592Iteration 472
Current Location: x=0 y=0 theta=0 velocity=0
Velocity Error: 2
Heading Error: 11.4592Iteration 473
Current Location: x=0 y=0 theta=0 velocity=0
Velocity Error: 2
Heading Error: 11.4592Iteration 474
Current Location: x=0 y=0 theta=0 velocity=0
Velocity Error: 2
Heading Error: 11.4592Iteration 475
Current Location: x=0 y=0 theta=0 velocity=0
Velocity Error: 2
Heading Error: 11.4592Iteration 476
Current Location: x=0 y=0 theta=0 velocity=0
Velocity Error: 2
Heading Error: 11.4592Iteration 477
Current Location: x=0 y=0 theta=0 velocity=0
Velocity Error: 2
Heading Error: 11.4592Iteration 478
Current Location: x=0 y=0 theta=0 velocity=0
Velocity Error: 2
Heading Error: 11.4592Iteration 479
Current Location: x=0 y=0 theta=0 velocity=0
Velocity Error: 2
Heading Error: 11.4592Iteration 480
Current Location: x=0 y=0 theta=0 velocity=0
Velocity Error: 2
Heading Error: 11.4592Iteration 481
Current Location: x=0 y=0 theta=0 velocity=0
Velocity Error: 2
Heading Error: 11.4592Iteration 482
Current Location: x=0 y=0 theta=0 velocity=0
Velocity Error: 2
Heading Error: 11.4592Iteration 483
Current Location: x=0 y=0 theta=0 velocity=0
Velocity Error: 2
Heading Error: 11.4592Iteration 484
Current Location: x=0 y=0 theta=0 velocity=0
Velocity Error: 2
Heading Error: 11.4592Iteration 485
Current Location: x=0 y=0 theta=0 velocity=0
Velocity Error: 2
Heading Error: 11.4592Iteration 486
Current Location: x=0 y=0 theta=0 velocity=0
Velocity Error: 2
Heading Error: 11.4592Iteration 487
Current Location: x=0 y=0 theta=0 velocity=0
Velocity Error: 2
Heading Error: 11.4592Iteration 488
Current Location: x=0 y=0 theta=0 velocity=0
Velocity Error: 2
Heading Error: 11.4592Iteration 489
Current Location: x=0 y=0 theta=0 velocity=0
Velocity Error: 2
Heading Error: 11.4592Iteration 490
Current Location: x=0 y=0 theta=0 velocity=0
Velocity Error: 2
Heading Error: 11.4592Iteration 491
Current Location: x=0 y=0 theta=0 velocity=0
Velocity Error: 2
Heading Error: 11.4592Iteration 492
Current Location: x=0 y=0 theta=0 velocity=0
Velocity Error: 2
Heading Error: 11.4592Iteration 493
Current Location: x=0 y=0 theta=0 velocity=0
Velocity Error: 2
Heading Error: 11.4592Iteration 494
Current Location: x=0 y=0 theta=0 velocity=0
Velocity Error: 2
Heading Error: 11.4592Iteration 495
Current Location: x=0 y=0 theta=0 velocity=0
Velocity Error: 2
Heading Error: 11.4592Iteration 496
Current Location: x=0 y=0 theta=0 velocity=0
Velocity Error: 2
Heading Error: 11.4592Iteration 497
Current Location: x=0 y=0 theta=0 velocity=0
Velocity Error: 2
Heading Error: 11.4592Iteration 498
Current Location: x=0 y=0 theta=0 velocity=0
Velocity Error: 2
Heading Error: 11.4592Iteration 499
Current Location: x=0 y=0 theta=0 velocity=0
Velocity Error: 2
Heading Error: 11.4592Iteration 500
Current Location: x=0 y=0 theta=0 velocity=0
Velocity Error: 2
Heading Error: 11.4592Iteration 501
Current Location: x=0 y=0 theta=0 velocity=0
Velocity Error: 2
Heading Error: 11.4592Iteration 502
Current Location: x=0 y=0 theta=0 velocity=0
Velocity Error: 2
Heading Error: 11.4592Iteration 503
Current Location: x=0 y=0 theta=0 velocity=0
Velocity Error: 2
Heading Error: 11.4592Iteration 504
Current Location: x=0 y=0 theta=0 velocity=0
Velocity Error: 2
Heading Error: 11.4592Iteration 505
Current Location: x=0 y=0 theta=0 velocity=0
Velocity Error: 2
Heading Error: 11.4592Iteration 506
Current Location: x=0 y=0 theta=0 velocity=0
Velocity Error: 2
Heading Error: 11.4592Iteration 507
Current Location: x=0 y=0 theta=0 velocity=0
Velocity Error: 2
Heading Error: 11.4592Iteration 508
Current Location: x=0 y=0 theta=0 velocity=0
Velocity Error: 2
Heading Error: 11.4592Iteration 509
Current Location: x=0 y=0 theta=0 velocity=0
Velocity Error: 2
Heading Error: 11.4592Iteration 510
Current Location: x=0 y=0 theta=0 velocity=0
Velocity Error: 2
Heading Error: 11.4592Iteration 511
Current Location: x=0 y=0 theta=0 velocity=0
Velocity Error: 2
Heading Error: 11.4592Iteration 512
Current Location: x=0 y=0 theta=0 velocity=0
Velocity Error: 2
Heading Error: 11.4592Iteration 513
Current Location: x=0 y=0 theta=0 velocity=0
Velocity Error: 2
Heading Error: 11.4592Iteration 514
Current Location: x=0 y=0 theta=0 velocity=0
Velocity Error: 2
Heading Error: 11.4592Iteration 515
Current Location: x=0 y=0 theta=0 velocity=0
Velocity Error: 2
Heading Error: 11.4592Iteration 516
Current Location: x=0 y=0 theta=0 velocity=0
Velocity Error: 2
Heading Error: 11.4592Iteration 517
Current Location: x=0 y=0 theta=0 velocity=0
Velocity Error: 2
Heading Error: 11.4592Iteration 518
Current Location: x=0 y=0 theta=0 velocity=0
Velocity Error: 2
Heading Error: 11.4592Iteration 519
Current Location: x=0 y=0 theta=0 velocity=0
Velocity Error: 2
Heading Error: 11.4592Iteration 520
Current Location: x=0 y=0 theta=0 velocity=0
Velocity Error: 2
Heading Error: 11.4592Iteration 521
Current Location: x=0 y=0 theta=0 velocity=0
Velocity Error: 2
Heading Error: 11.4592Iteration 522
Current Location: x=0 y=0 theta=0 velocity=0
Velocity Error: 2
Heading Error: 11.4592Iteration 523
Current Location: x=0 y=0 theta=0 velocity=0
Velocity Error: 2
Heading Error: 11.4592Iteration 524
Current Location: x=0 y=0 theta=0 velocity=0
Velocity Error: 2
Heading Error: 11.4592Iteration 525
Current Location: x=0 y=0 theta=0 velocity=0
Velocity Error: 2
Heading Error: 11.4592Iteration 526
Current Location: x=0 y=0 theta=0 velocity=0
Velocity Error: 2
Heading Error: 11.4592Iteration 527
Current Location: x=0 y=0 theta=0 velocity=0
Velocity Error: 2
Heading Error: 11.4592Iteration 528
Current Location: x=0 y=0 theta=0 velocity=0
Velocity Error: 2
Heading Error: 11.4592Iteration 529
Current Location: x=0 y=0 theta=0 velocity=0
Velocity Error: 2
Heading Error: 11.4592Iteration 530
Current Location: x=0 y=0 theta=0 velocity=0
Velocity Error: 2
Heading Error: 11.4592Iteration 531
Current Location: x=0 y=0 theta=0 velocity=0
Velocity Error: 2
Heading Error: 11.4592Iteration 532
Current Location: x=0 y=0 theta=0 velocity=0
Velocity Error: 2
Heading Error: 11.4592Iteration 533
Current Location: x=0 y=0 theta=0 velocity=0
Velocity Error: 2
Heading Error: 11.4592Iteration 534
Current Location: x=0 y=0 theta=0 velocity=0
Velocity Error: 2
Heading Error: 11.4592Iteration 535
Current Location: x=0 y=0 theta=0 velocity=0
Velocity Error: 2
Heading Error: 11.4592Iteration 536
Current Location: x=0 y=0 theta=0 velocity=0
Velocity Error: 2
Heading Error: 11.4592Iteration 537
Current Location: x=0 y=0 theta=0 velocity=0
Velocity Error: 2
Heading Error: 11.4592Iteration 538
Current Location: x=0 y=0 theta=0 velocity=0
Velocity Error: 2
Heading Error: 11.4592Iteration 539
Current Location: x=0 y=0 theta=0 velocity=0
Velocity Error: 2
Heading Error: 11.4592Iteration 540
Current Location: x=0 y=0 theta=0 velocity=0
Velocity Error: 2
Heading Error: 11.4592Iteration 541
Current Location: x=0 y=0 theta=0 velocity=0
Velocity Error: 2
Heading Error: 11.4592Iteration 542
Current Location: x=0 y=0 theta=0 velocity=0
Velocity Error: 2
Heading Error: 11.4592Iteration 543
Current Location: x=0 y=0 theta=0 velocity=0
Velocity Error: 2
Heading Error: 11.4592Iteration 544
Current Location: x=0 y=0 theta=0 velocity=0
Velocity Error: 2
Heading Error: 11.4592Iteration 545
Current Location: x=0 y=0 theta=0 velocity=0
Velocity Error: 2
Heading Error: 11.4592Iteration 546
Current Location: x=0 y=0 theta=0 velocity=0
Velocity Error: 2
Heading Error: 11.4592Iteration 547
Current Location: x=0 y=0 theta=0 velocity=0
Velocity Error: 2
Heading Error: 11.4592Iteration 548
Current Location: x=0 y=0 theta=0 velocity=0
Velocity Error: 2
Heading Error: 11.4592Iteration 549
Current Location: x=0 y=0 theta=0 velocity=0
Velocity Error: 2
Heading Error: 11.4592Iteration 550
Current Location: x=0 y=0 theta=0 velocity=0
Velocity Error: 2
Heading Error: 11.4592Iteration 551
Current Location: x=0 y=0 theta=0 velocity=0
Velocity Error: 2
Heading Error: 11.4592Iteration 552
Current Location: x=0 y=0 theta=0 velocity=0
Velocity Error: 2
Heading Error: 11.4592Iteration 553
Current Location: x=0 y=0 theta=0 velocity=0
Velocity Error: 2
Heading Error: 11.4592Iteration 554
Current Location: x=0 y=0 theta=0 velocity=0
Velocity Error: 2
Heading Error: 11.4592Iteration 555
Current Location: x=0 y=0 theta=0 velocity=0
Velocity Error: 2
Heading Error: 11.4592Iteration 556
Current Location: x=0 y=0 theta=0 velocity=0
Velocity Error: 2
Heading Error: 11.4592Iteration 557
Current Location: x=0 y=0 theta=0 velocity=0
Velocity Error: 2
Heading Error: 11.4592Iteration 558
Current Location: x=0 y=0 theta=0 velocity=0
Velocity Error: 2
Heading Error: 11.4592Iteration 559
Current Location: x=0 y=0 theta=0 velocity=0
Velocity Error: 2
Heading Error: 11.4592Iteration 560
Current Location: x=0 y=0 theta=0 velocity=0
Velocity Error: 2
Heading Error: 11.4592Iteration 561
Current Location: x=0 y=0 theta=0 velocity=0
Velocity Error: 2
Heading Error: 11.4592Iteration 562
Current Location: x=0 y=0 theta=0 velocity=0
Velocity Error: 2
Heading Error: 11.4592Iteration 563
Current Location: x=0 y=0 theta=0 velocity=0
Velocity Error: 2
Heading Error: 11.4592Iteration 564
Current Location: x=0 y=0 theta=0 velocity=0
Velocity Error: 2
Heading Error: 11.4592Iteration 565
Current Location: x=0 y=0 theta=0 velocity=0
Velocity Error: 2
Heading Error: 11.4592Iteration 566
Current Location: x=0 y=0 theta=0 velocity=0
Velocity Error: 2
Heading Error: 11.4592Iteration 567
Current Location: x=0 y=0 theta=0 velocity=0
Velocity Error: 2
Heading Error: 11.4592Iteration 568
Current Location: x=0 y=0 theta=0 velocity=0
Velocity Error: 2
Heading Error: 11.4592Iteration 569
Current Location: x=0 y=0 theta=0 velocity=0
Velocity Error: 2
Heading Error: 11.4592Iteration 570
Current Location: x=0 y=0 theta=0 velocity=0
Velocity Error: 2
Heading Error: 11.4592Iteration 571
Current Location: x=0 y=0 theta=0 velocity=0
Velocity Error: 2
Heading Error: 11.4592Iteration 572
Current Location: x=0 y=0 theta=0 velocity=0
Velocity Error: 2
Heading Error: 11.4592Iteration 573
Current Location: x=0 y=0 theta=0 velocity=0
Velocity Error: 2
Heading Error: 11.4592Iteration 574
Current Location: x=0 y=0 theta=0 velocity=0
Velocity Error: 2
Heading Error: 11.4592Iteration 575
Current Location: x=0 y=0 theta=0 velocity=0
Velocity Error: 2
Heading Error: 11.4592Iteration 576
Current Location: x=0 y=0 theta=0 velocity=0
Velocity Error: 2
Heading Error: 11.4592Iteration 577
Current Location: x=0 y=0 theta=0 velocity=0
Velocity Error: 2
Heading Error: 11.4592Iteration 578
Current Location: x=0 y=0 theta=0 velocity=0
Velocity Error: 2
Heading Error: 11.4592Iteration 579
Current Location: x=0 y=0 theta=0 velocity=0
Velocity Error: 2
Heading Error: 11.4592Iteration 580
Current Location: x=0 y=0 theta=0 velocity=0
Velocity Error: 2
Heading Error: 11.4592Iteration 581
Current Location: x=0 y=0 theta=0 velocity=0
Velocity Error: 2
Heading Error: 11.4592Iteration 582
Current Location: x=0 y=0 theta=0 velocity=0
Velocity Error: 2
Heading Error: 11.4592Iteration 583
Current Location: x=0 y=0 theta=0 velocity=0
Velocity Error: 2
Heading Error: 11.4592Iteration 584
Current Location: x=0 y=0 theta=0 velocity=0
Velocity Error: 2
Heading Error: 11.4592Iteration 585
Current Location: x=0 y=0 theta=0 velocity=0
Velocity Error: 2
Heading Error: 11.4592Iteration 586
Current Location: x=0 y=0 theta=0 velocity=0
Velocity Error: 2
Heading Error: 11.4592Iteration 587
Current Location: x=0 y=0 theta=0 velocity=0
Velocity Error: 2
Heading Error: 11.4592Iteration 588
Current Location: x=0 y=0 theta=0 velocity=0
Velocity Error: 2
Heading Error: 11.4592Iteration 589
Current Location: x=0 y=0 theta=0 velocity=0
Velocity Error: 2
Heading Error: 11.4592Iteration 590
Current Location: x=0 y=0 theta=0 velocity=0
Velocity Error: 2
Heading Error: 11.4592Iteration 591
Current Location: x=0 y=0 theta=0 velocity=0
Velocity Error: 2
Heading Error: 11.4592Iteration 592
Current Location: x=0 y=0 theta=0 velocity=0
Velocity Error: 2
Heading Error: 11.4592Iteration 593
Current Location: x=0 y=0 theta=0 velocity=0
Velocity Error: 2
Heading Error: 11.4592Iteration 594
Current Location: x=0 y=0 theta=0 velocity=0
Velocity Error: 2
Heading Error: 11.4592Iteration 595
Current Location: x=0 y=0 theta=0 velocity=0
Velocity Error: 2
Heading Error: 11.4592Iteration 596
Current Location: x=0 y=0 theta=0 velocity=0
Velocity Error: 2
Heading Error: 11.4592Iteration 597
Current Location: x=0 y=0 theta=0 velocity=0
Velocity Error: 2
Heading Error: 11.4592Iteration 598
Current Location: x=0 y=0 theta=0 velocity=0
Velocity Error: 2
Heading Error: 11.4592Iteration 599
Current Location: x=0 y=0 theta=0 velocity=0
Velocity Error: 2
Heading Error: 11.4592Iteration 600
Current Location: x=0 y=0 theta=0 velocity=0
Velocity Error: 2
Heading Error: 11.4592Iteration 601
Current Location: x=0 y=0 theta=0 velocity=0
Velocity Error: 2
Heading Error: 11.4592Iteration 602
Current Location: x=0 y=0 theta=0 velocity=0
Velocity Error: 2
Heading Error: 11.4592Iteration 603
Current Location: x=0 y=0 theta=0 velocity=0
Velocity Error: 2
Heading Error: 11.4592Iteration 604
Current Location: x=0 y=0 theta=0 velocity=0
Velocity Error: 2
Heading Error: 11.4592Iteration 605
Current Location: x=0 y=0 theta=0 velocity=0
Velocity Error: 2
Heading Error: 11.4592Iteration 606
Current Location: x=0 y=0 theta=0 velocity=0
Velocity Error: 2
Heading Error: 11.4592Iteration 607
Current Location: x=0 y=0 theta=0 velocity=0
Velocity Error: 2
Heading Error: 11.4592Iteration 608
Current Location: x=0 y=0 theta=0 velocity=0
Velocity Error: 2
Heading Error: 11.4592Iteration 609
Current Location: x=0 y=0 theta=0 velocity=0
Velocity Error: 2
Heading Error: 11.4592Iteration 610
Current Location: x=0 y=0 theta=0 velocity=0
Velocity Error: 2
Heading Error: 11.4592Iteration 611
Current Location: x=0 y=0 theta=0 velocity=0
Velocity Error: 2
Heading Error: 11.4592Iteration 612
Current Location: x=0 y=0 theta=0 velocity=0
Velocity Error: 2
Heading Error: 11.4592Iteration 613
Current Location: x=0 y=0 theta=0 velocity=0
Velocity Error: 2
Heading Error: 11.4592Iteration 614
Current Location: x=0 y=0 theta=0 velocity=0
Velocity Error: 2
Heading Error: 11.4592Iteration 615
Current Location: x=0 y=0 theta=0 velocity=0
Velocity Error: 2
Heading Error: 11.4592Iteration 616
Current Location: x=0 y=0 theta=0 velocity=0
Velocity Error: 2
Heading Error: 11.4592Iteration 617
Current Location: x=0 y=0 theta=0 velocity=0
Velocity Error: 2
Heading Error: 11.4592Iteration 618
Current Location: x=0 y=0 theta=0 velocity=0
Velocity Error: 2
Heading Error: 11.4592Iteration 619
Current Location: x=0 y=0 theta=0 velocity=0
Velocity Error: 2
Heading Error: 11.4592Iteration 620
Current Location: x=0 y=0 theta=0 velocity=0
Velocity Error: 2
Heading Error: 11.4592Iteration 621
Current Location: x=0 y=0 theta=0 velocity=0
Velocity Error: 2
Heading Error: 11.4592Iteration 622
Current Location: x=0 y=0 theta=0 velocity=0
Velocity Error: 2
Heading Error: 11.4592Iteration 623
Current Location: x=0 y=0 theta=0 velocity=0
Velocity Error: 2
Heading Error: 11.4592Iteration 624
Current Location: x=0 y=0 theta=0 velocity=0
Velocity Error: 2
Heading Error: 11.4592Iteration 625
Current Location: x=0 y=0 theta=0 velocity=0
Velocity Error: 2
Heading Error: 11.4592Iteration 626
Current Location: x=0 y=0 theta=0 velocity=0
Velocity Error: 2
Heading Error: 11.4592Iteration 627
Current Location: x=0 y=0 theta=0 velocity=0
Velocity Error: 2
Heading Error: 11.4592Iteration 628
Current Location: x=0 y=0 theta=0 velocity=0
Velocity Error: 2
Heading Error: 11.4592Iteration 629
Current Location: x=0 y=0 theta=0 velocity=0
Velocity Error: 2
Heading Error: 11.4592Iteration 630
Current Location: x=0 y=0 theta=0 velocity=0
Velocity Error: 2
Heading Error: 11.4592Iteration 631
Current Location: x=0 y=0 theta=0 velocity=0
Velocity Error: 2
Heading Error: 11.4592Iteration 632
Current Location: x=0 y=0 theta=0 velocity=0
Velocity Error: 2
Heading Error: 11.4592Iteration 633
Current Location: x=0 y=0 theta=0 velocity=0
Velocity Error: 2
Heading Error: 11.4592Iteration 634
Current Location: x=0 y=0 theta=0 velocity=0
Velocity Error: 2
Heading Error: 11.4592Iteration 635
Current Location: x=0 y=0 theta=0 velocity=0
Velocity Error: 2
Heading Error: 11.4592Iteration 636
Current Location: x=0 y=0 theta=0 velocity=0
Velocity Error: 2
Heading Error: 11.4592Iteration 637
Current Location: x=0 y=0 theta=0 velocity=0
Velocity Error: 2
Heading Error: 11.4592Iteration 638
Current Location: x=0 y=0 theta=0 velocity=0
Velocity Error: 2
Heading Error: 11.4592Iteration 639
Current Location: x=0 y=0 theta=0 velocity=0
Velocity Error: 2
Heading Error: 11.4592Iteration 640
Current Location: x=0 y=0 theta=0 velocity=0
Velocity Error: 2
Heading Error: 11.4592Iteration 641
Current Location: x=0 y=0 theta=0 velocity=0
Velocity Error: 2
Heading Error: 11.4592Iteration 642
Current Location: x=0 y=0 theta=0 velocity=0
Velocity Error: 2
Heading Error: 11.4592Iteration 643
Current Location: x=0 y=0 theta=0 velocity=0
Velocity Error: 2
Heading Error: 11.4592Iteration 644
Current Location: x=0 y=0 theta=0 velocity=0
Velocity Error: 2
Heading Error: 11.4592Iteration 645
Current Location: x=0 y=0 theta=0 velocity=0
Velocity Error: 2
Heading Error: 11.4592Iteration 646
Current Location: x=0 y=0 theta=0 velocity=0
Velocity Error: 2
Heading Error: 11.4592Iteration 647
Current Location: x=0 y=0 theta=0 velocity=0
Velocity Error: 2
Heading Error: 11.4592Iteration 648
Current Location: x=0 y=0 theta=0 velocity=0
Velocity Error: 2
Heading Error: 11.4592Iteration 649
Current Location: x=0 y=0 theta=0 velocity=0
Velocity Error: 2
Heading Error: 11.4592Iteration 650
Current Location: x=0 y=0 theta=0 velocity=0
Velocity Error: 2
Heading Error: 11.4592Iteration 651
Current Location: x=0 y=0 theta=0 velocity=0
Velocity Error: 2
Heading Error: 11.4592Iteration 652
Current Location: x=0 y=0 theta=0 velocity=0
Velocity Error: 2
Heading Error: 11.4592Iteration 653
Current Location: x=0 y=0 theta=0 velocity=0
Velocity Error: 2
Heading Error: 11.4592Iteration 654
Current Location: x=0 y=0 theta=0 velocity=0
Velocity Error: 2
Heading Error: 11.4592Iteration 655
Current Location: x=0 y=0 theta=0 velocity=0
Velocity Error: 2
Heading Error: 11.4592Iteration 656
Current Location: x=0 y=0 theta=0 velocity=0
Velocity Error: 2
Heading Error: 11.4592Iteration 657
Current Location: x=0 y=0 theta=0 velocity=0
Velocity Error: 2
Heading Error: 11.4592Iteration 658
Current Location: x=0 y=0 theta=0 velocity=0
Velocity Error: 2
Heading Error: 11.4592Iteration 659
Current Location: x=0 y=0 theta=0 velocity=0
Velocity Error: 2
Heading Error: 11.4592Iteration 660
Current Location: x=0 y=0 theta=0 velocity=0
Velocity Error: 2
Heading Error: 11.4592Iteration 661
Current Location: x=0 y=0 theta=0 velocity=0
Velocity Error: 2
Heading Error: 11.4592Iteration 662
Current Location: x=0 y=0 theta=0 velocity=0
Velocity Error: 2
Heading Error: 11.4592Iteration 663
Current Location: x=0 y=0 theta=0 velocity=0
Velocity Error: 2
Heading Error: 11.4592Iteration 664
Current Location: x=0 y=0 theta=0 velocity=0
Velocity Error: 2
Heading Error: 11.4592Iteration 665
Current Location: x=0 y=0 theta=0 velocity=0
Velocity Error: 2
Heading Error: 11.4592Iteration 666
Current Location: x=0 y=0 theta=0 velocity=0
Velocity Error: 2
Heading Error: 11.4592Iteration 667
Current Location: x=0 y=0 theta=0 velocity=0
Velocity Error: 2
Heading Error: 11.4592Iteration 668
[...]
Velocity Error: 2
Heading Error: 11.4592Iteration 805
Current Location: x=0 y=0 theta=0 velocity=0
Velocity Error: 2
Heading Error: 11.4592Iteration 806
Current Location: x=0 y=0 theta=0 velocity=0
Velocity Error: 2
Heading Error: 11.4592Iteration 807
Current Location: x=0 y=0 theta=0 velocity=0
Velocity Error: 2
Heading Error: 11.4592Iteration 808
Current Location: x=0 y=0 theta=0 velocity=0
Velocity Error: 2
Heading Error: 11.4592Iteration 809
Current Location: x=0 y=0 theta=0 velocity=0
Velocity Error: 2
Heading Error: 11.4592Iteration 810
Current Location: x=0 y=0 theta=0 velocity=0
Velocity Error: 2
Heading Error: 11.4592Iteration 811
Current Location: x=0 y=0 theta=0 velocity=0
Velocity Error: 2
Heading Error: 11.4592Iteration 812
Current Location: x=0 y=0 theta=0 velocity=0
Velocity Error: 2
Heading Error: 11.4592Iteration 813
Current Location: x=0 y=0 theta=0 velocity=0
Velocity Error: 2
Heading Error: 11.4592Iteration 814
Current Location: x=0 y=0 theta=0 velocity=0
Velocity Error: 2
Heading Error: 11.4592Iteration 815
Current Location: x=0 y=0 theta=0 velocity=0
Velocity Error: 2
Heading Error: 11.4592Iteration 816
Current Location: x=0 y=0 theta=0 velocity=0
Velocity Error: 2
Heading Error: 11.4592Iteration 817
Current Location: x=0 y=0 theta=0 velocity=0
Velocity Error: 2
Heading Error: 11.4592Iteration 818
Current Location: x=0 y=0 theta=0 velocity=0
Velocity Error: 2
Heading Error: 11.4592Iteration 819
Current Location: x=0 y=0 theta=0 velocity=0
Velocity Error: 2
Heading Error: 11.4592Iteration 820
Current Location: x=0 y=0 theta=0 velocity=0
Velocity Error: 2
Heading Error: 11.4592Iteration 821
Current Location: x=0 y=0 theta=0 velocity=0
Velocity Error: 2
Heading Error: 11.4592Iteration 822
Current Location: x=0 y=0 theta=0 velocity=0
Velocity Error: 2
Heading Error: 11.4592Iteration 823
Current Location: x=0 y=0 theta=0 velocity=0
Velocity Error: 2
Heading Error: 11.4592Iteration 824
Current Location: x=0 y=0 theta=0 velocity=0
Velocity Error: 2
Heading Error: 11.4592Iteration 825
Current Location: x=0 y=0 theta=0 velocity=0
Velocity Error: 2
Heading Error: 11.4592Iteration 826
Current Location: x=0 y=0 theta=0 velocity=0
Velocity Error: 2
Heading Error: 11.4592Iteration 827
Current Location: x=0 y=0 theta=0 velocity=0
Velocity Error: 2
Heading Error: 11.4592Iteration 828
Current Location: x=0 y=0 theta=0 velocity=0
Velocity Error: 2
Heading Error: 11.4592Iteration 829
Current Location: x=0 y=0 theta=0 velocity=0
Velocity Error: 2
Heading Error: 11.4592Iteration 830
Current Location: x=0 y=0 theta=0 velocity=0
Velocity Error: 2
Heading Error: 11.4592Iteration 831
Current Location: x=0 y=0 theta=0 velocity=0
Velocity Error: 2
Heading Error: 11.4592Iteration 832
Current Location: x=0 y=0 theta=0 velocity=0
Velocity Error: 2
Heading Error: 11.4592Iteration 833
Current Location: x=0 y=0 theta=0 velocity=0
Velocity Error: 2
Heading Error: 11.4592Iteration 834
Current Location: x=0 y=0 theta=0 velocity=0
Velocity Error: 2
Heading Error: 11.4592Iteration 835
Current Location: x=0 y=0 theta=0 velocity=0
Velocity Error: 2
Heading Error: 11.4592Iteration 836
Current Location: x=0 y=0 theta=0 velocity=0
Velocity Error: 2
Heading Error: 11.4592Iteration 837
Current Location: x=0 y=0 theta=0 velocity=0
Velocity Error: 2
Heading Error: 11.4592Iteration 838
Current Location: x=0 y=0 theta=0 velocity=0
Velocity Error: 2
Heading Error: 11.4592Iteration 839
Current Location: x=0 y=0 theta=0 velocity=0
Velocity Error: 2
Heading Error: 11.4592Iteration 840
Current Location: x=0 y=0 theta=0 velocity=0
Velocity Error: 2
Heading Error: 11.4592Iteration 841
Current Location: x=0 y=0 theta=0 velocity=0
Velocity Error: 2
Heading Error: 11.4592Iteration 842
Current Location: x=0 y=0 theta=0 velocity=0
Velocity Error: 2
Heading Error: 11.4592Iteration 843
Current Location: x=0 y=0 theta=0 velocity=0
Velocity Error: 2
Heading Error: 11.4592Iteration 844
Current Location: x=0 y=0 theta=0 velocity=0
Velocity Error: 2
Heading Error: 11.4592Iteration 845
Current Location: x=0 y=0 theta=0 velocity=0
Velocity Error: 2
Heading Error: 11.4592Iteration 846
Current Location: x=0 y=0 theta=0 velocity=0
Velocity Error: 2
Heading Error: 11.4592Iteration 847
Current Location: x=0 y=0 theta=0 velocity=0
Velocity Error: 2
Heading Error: 11.4592Iteration 848
Current Location: x=0 y=0 theta=0 velocity=0
Velocity Error: 2
Heading Error: 11.4592Iteration 849
Current Location: x=0 y=0 theta=0 velocity=0
Velocity Error: 2
Heading Error: 11.4592Iteration 850
Current Location: x=0 y=0 theta=0 velocity=0
Velocity Error: 2
Heading Error: 11.4592Iteration 851
Current Location: x=0 y=0 theta=0 velocity=0
Velocity Error: 2
Heading Error: 11.4592Iteration 852
Current Location: x=0 y=0 theta=0 velocity=0
Velocity Error: 2
Heading Error: 11.4592Iteration 853
Current Location: x=0 y=0 theta=0 velocity=0
Velocity Error: 2
Heading Error: 11.4592Iteration 854
Current Location: x=0 y=0 theta=0 velocity=0
Velocity Error: 2
Heading Error: 11.4592Iteration 855
Current Location: x=0 y=0 theta=0 velocity=0
Velocity Error: 2
Heading Error: 11.4592Iteration 856
Current Location: x=0 y=0 theta=0 velocity=0
Velocity Error: 2
Heading Error: 11.4592Iteration 857
Current Location: x=0 y=0 theta=0 velocity=0
Velocity Error: 2
Heading Error: 11.4592Iteration 858
Current Location: x=0 y=0 theta=0 velocity=0
Velocity Error: 2
Heading Error: 11.4592Iteration 859
Current Location: x=0 y=0 theta=0 velocity=0
Velocity Error: 2
Heading Error: 11.4592Iteration 860
Current Location: x=0 y=0 theta=0 velocity=0
Velocity Error: 2
Heading Error: 11.4592Iteration 861
Current Location: x=0 y=0 theta=0 velocity=0
Velocity Error: 2
Heading Error: 11.4592Iteration 862
Current Location: x=0 y=0 theta=0 velocity=0
Velocity Error: 2
Heading Error: 11.4592Iteration 863
Current Location: x=0 y=0 theta=0 velocity=0
Velocity Error: 2
Heading Error: 11.4592Iteration 864
Current Location: x=0 y=0 theta=0 velocity=0
Velocity Error: 2
Heading Error: 11.4592Iteration 865
Current Location: x=0 y=0 theta=0 velocity=0
Velocity Error: 2
Heading Error: 11.4592Iteration 866
Current Location: x=0 y=0 theta=0 velocity=0
Velocity Error: 2
Heading Error: 11.4592Iteration 867
Current Location: x=0 y=0 theta=0 velocity=0
Velocity Error: 2
Heading Error: 11.4592Iteration 868
Current Location: x=0 y=0 theta=0 velocity=0
Velocity Error: 2
Heading Error: 11.4592Iteration 869
Current Location: x=0 y=0 theta=0 velocity=0
Velocity Error: 2
Heading Error: 11.4592Iteration 870
Current Location: x=0 y=0 theta=0 velocity=0
Velocity Error: 2
Heading Error: 11.4592Iteration 871
Current Location: x=0 y=0 theta=0 velocity=0
Velocity Error: 2
Heading Error: 11.4592Iteration 872
Current Location: x=0 y=0 theta=0 velocity=0
Velocity Error: 2
Heading Error: 11.4592Iteration 873
Current Location: x=0 y=0 theta=0 velocity=0
Velocity Error: 2
Heading Error: 11.4592Iteration 874
Current Location: x=0 y=0 theta=0 velocity=0
Velocity Error: 2
Heading Error: 11.4592Iteration 875
Current Location: x=0 y=0 theta=0 velocity=0
Velocity Error: 2
Heading Error: 11.4592Iteration 876
Current Location: x=0 y=0 theta=0 velocity=0
Velocity Error: 2
Heading Error: 11.4592Iteration 877
Current Location: x=0 y=0 theta=0 velocity=0
Velocity Error: 2
Heading Error: 11.4592Iteration 878
Current Location: x=0 y=0 theta=0 velocity=0
Velocity Error: 2
Heading Error: 11.4592Iteration 879
Current Location: x=0 y=0 theta=0 velocity=0
Velocity Error: 2
Heading Error: 11.4592Iteration 880
Current Location: x=0 y=0 theta=0 velocity=0
Velocity Error: 2
Heading Error: 11.4592Iteration 881
Current Location: x=0 y=0 theta=0 velocity=0
Velocity Error: 2
Heading Error: 11.4592Iteration 882
Current Location: x=0 y=0 theta=0 velocity=0
Velocity Error: 2
Heading Error: 11.4592Iteration 883
Current Location: x=0 y=0 theta=0 velocity=0
Velocity Error: 2
Heading Error: 11.4592Iteration 884
Current Location: x=0 y=0 theta=0 velocity=0
Velocity Error: 2
Heading Error: 11.4592Iteration 885
Current Location: x=0 y=0 theta=0 velocity=0
Velocity Error: 2
Heading Error: 11.4592Iteration 886
Current Location: x=0 y=0 theta=0 velocity=0
Velocity Error: 2
Heading Error: 11.4592Iteration 887
Current Location: x=0 y=0 theta=0 velocity=0
Velocity Error: 2
Heading Error: 11.4592Iteration 888
Current Location: x=0 y=0 theta=0 velocity=0
Velocity Error: 2
Heading Error: 11.4592Iteration 889
Current Location: x=0 y=0 theta=0 velocity=0
Velocity Error: 2
Heading Error: 11.4592Iteration 890
Current Location: x=0 y=0 theta=0 velocity=0
Velocity Error: 2
Heading Error: 11.4592Iteration 891
Current Location: x=0 y=0 theta=0 velocity=0
Velocity Error: 2
Heading Error: 11.4592Iteration 892
Current Location: x=0 y=0 theta=0 velocity=0
Velocity Error: 2
Heading Error: 11.4592Iteration 893
Current Location: x=0 y=0 theta=0 velocity=0
Velocity Error: 2
Heading Error: 11.4592Iteration 894
Current Location: x=0 y=0 theta=0 velocity=0
Velocity Error: 2
Heading Error: 11.4592Iteration 895
Current Location: x=0 y=0 theta=0 velocity=0
Velocity Error: 2
Heading Error: 11.4592Iteration 896
Current Location: x=0 y=0 theta=0 velocity=0
Velocity Error: 2
Heading Error: 11.4592Iteration 897
Current Location: x=0 y=0 theta=0 velocity=0
Velocity Error: 2
Heading Error: 11.4592Iteration 898
Current Location: x=0 y=0 theta=0 velocity=0
Velocity Error: 2
Heading Error: 11.4592Iteration 899
Current Location: x=0 y=0 theta=0 velocity=0
Velocity Error: 2
Heading Error: 11.4592Iteration 900
Current Location: x=0 y=0 theta=0 velocity=0
Velocity Error: 2
Heading Error: 11.4592Iteration 901
Current Location: x=0 y=0 theta=0 velocity=0
Velocity Error: 2
Heading Error: 11.4592Iteration 902
Current Location: x=0 y=0 theta=0 velocity=0
Velocity Error: 2
Heading Error: 11.4592Iteration 903
Current Location: x=0 y=0 theta=0 velocity=0
Velocity Error: 2
Heading Error: 11.4592Iteration 904
Current Location: x=0 y=0 theta=0 velocity=0
Velocity Error: 2
Heading Error: 11.4592Iteration 905
Current Location: x=0 y=0 theta=0 velocity=0
Velocity Error: 2
Heading Error: 11.4592Iteration 906
Current Location: x=0 y=0 theta=0 velocity=0
Velocity Error: 2
Heading Error: 11.4592Iteration 907
Current Location: x=0 y=0 theta=0 velocity=0
Velocity Error: 2
Heading Error: 11.4592Iteration 908
Current Location: x=0 y=0 theta=0 velocity=0
Velocity Error: 2
Heading Error: 11.4592Iteration 909
Current Location: x=0 y=0 theta=0 velocity=0
Velocity Error: 2
Heading Error: 11.4592Iteration 910
Current Location: x=0 y=0 theta=0 velocity=0
Velocity Error: 2
Heading Error: 11.4592Iteration 911
Current Location: x=0 y=0 theta=0 velocity=0
Velocity Error: 2
Heading Error: 11.4592Iteration 912
Current Location: x=0 y=0 theta=0 velocity=0
Velocity Error: 2
Heading Error: 11.4592Iteration 913
Current Location: x=0 y=0 theta=0 velocity=0
Velocity Error: 2
Heading Error: 11.4592Iteration 914
Current Location: x=0 y=0 theta=0 velocity=0
Velocity Error: 2
Heading Error: 11.4592Iteration 915
Current Location: x=0 y=0 theta=0 velocity=0
Velocity Error: 2
Heading Error: 11.4592Iteration 916
Current Location: x=0 y=0 theta=0 velocity=0
Velocity Error: 2
Heading Error: 11.4592Iteration 917
Current Location: x=0 y=0 theta=0 velocity=0
Velocity Error: 2
Heading Error: 11.4592Iteration 918
Current Location: x=0 y=0 theta=0 velocity=0
Velocity Error: 2
Heading Error: 11.4592Iteration 919
Current Location: x=0 y=0 theta=0 velocity=0
Velocity Error: 2
Heading Error: 11.4592Iteration 920
Current Location: x=0 y=0 theta=0 velocity=0
Velocity Error: 2
Heading Error: 11.4592Iteration 921
Current Location: x=0 y=0 theta=0 velocity=0
Velocity Error: 2
Heading Error: 11.4592Iteration 922
Current Location: x=0 y=0 theta=0 velocity=0
Velocity Error: 2
Heading Error: 11.4592Iteration 923
Current Location: x=0 y=0 theta=0 velocity=0
Velocity Error: 2
Heading Error: 11.4592Iteration 924
Current Location: x=0 y=0 theta=0 velocity=0
Velocity Error: 2
Heading Error: 11.4592Iteration 925
Current Location: x=0 y=0 theta=0 velocity=0
Velocity Error: 2
Heading Error: 11.4592Iteration 926
Current Location: x=0 y=0 theta=0 velocity=0
Velocity Error: 2
Heading Error: 11.4592Iteration 927
Current Location: x=0 y=0 theta=0 velocity=0
Velocity Error: 2
Heading Error: 11.4592Iteration 928
Current Location: x=0 y=0 theta=0 velocity=0
Velocity Error: 2
Heading Error: 11.4592Iteration 929
Current Location: x=0 y=0 theta=0 velocity=0
Velocity Error: 2
Heading Error: 11.4592Iteration 930
Current Location: x=0 y=0 theta=0 velocity=0
Velocity Error: 2
Heading Error: 11.4592Iteration 931
Current Location: x=0 y=0 theta=0 velocity=0
Velocity Error: 2
Heading Error: 11.4592Iteration 932
Current Location: x=0 y=0 theta=0 velocity=0
Velocity Error: 2
Heading Error: 11.4592Iteration 933
Current Location: x=0 y=0 theta=0 velocity=0
Velocity Error: 2
Heading Error: 11.4592Iteration 934
Current Location: x=0 y=0 theta=0 velocity=0
Velocity Error: 2
Heading Error: 11.4592Iteration 935
Current Location: x=0 y=0 theta=0 velocity=0
Velocity Error: 2
Heading Error: 11.4592Iteration 936
Current Location: x=0 y=0 theta=0 velocity=0
Velocity Error: 2
Heading Error: 11.4592Iteration 937
Current Location: x=0 y=0 theta=0 velocity=0
Velocity Error: 2
Heading Error: 11.4592Iteration 938
Current Location: x=0 y=0 theta=0 velocity=0
Velocity Error: 2
Heading Error: 11.4592Iteration 939
Current Location: x=0 y=0 theta=0 velocity=0
Velocity Error: 2
Heading Error: 11.4592Iteration 940
Current Location: x=0 y=0 theta=0 velocity=0
Velocity Error: 2
Heading Error: 11.4592Iteration 941
Current Location: x=0 y=0 theta=0 velocity=0
Velocity Error: 2
Heading Error: 11.4592Iteration 942
Current Location: x=0 y=0 theta=0 velocity=0
Velocity Error: 2
Heading Error: 11.4592Iteration 943
Current Location: x=0 y=0 theta=0 velocity=0
Velocity Error: 2
Heading Error: 11.4592Iteration 944
Current Location: x=0 y=0 theta=0 velocity=0
Velocity Error: 2
Heading Error: 11.4592Iteration 945
Current Location: x=0 y=0 theta=0 velocity=0
Velocity Error: 2
Heading Error: 11.4592Iteration 946
Current Location: x=0 y=0 theta=0 velocity=0
Velocity Error: 2
Heading Error: 11.4592Iteration 947
Current Location: x=0 y=0 theta=0 velocity=0
Velocity Error: 2
Heading Error: 11.4592Iteration 948
Current Location: x=0 y=0 theta=0 velocity=0
Velocity Error: 2
Heading Error: 11.4592Iteration 949
Current Location: x=0 y=0 theta=0 velocity=0
Velocity Error: 2
Heading Error: 11.4592Iteration 950
Current Location: x=0 y=0 theta=0 velocity=0
Velocity Error: 2
Heading Error: 11.4592Iteration 951
Current Location: x=0 y=0 theta=0 velocity=0
Velocity Error: 2
Heading Error: 11.4592Iteration 952
Current Location: x=0 y=0 theta=0 velocity=0
Velocity Error: 2
Heading Error: 11.4592Iteration 953
Current Location: x=0 y=0 theta=0 velocity=0
Velocity Error: 2
Heading Error: 11.4592Iteration 954
Current Location: x=0 y=0 theta=0 velocity=0
Velocity Error: 2
Heading Error: 11.4592Iteration 955
Current Location: x=0 y=0 theta=0 velocity=0
Velocity Error: 2
Heading Error: 11.4592Iteration 956
Current Location: x=0 y=0 theta=0 velocity=0
Velocity Error: 2
Heading Error: 11.4592Iteration 957
Current Location: x=0 y=0 theta=0 velocity=0
Velocity Error: 2
Heading Error: 11.4592Iteration 958
Current Location: x=0 y=0 theta=0 velocity=0
Velocity Error: 2
Heading Error: 11.4592Iteration 959
Current Location: x=0 y=0 theta=0 velocity=0
Velocity Error: 2
Heading Error: 11.4592Iteration 960
Current Location: x=0 y=0 theta=0 velocity=0
Velocity Error: 2
Heading Error: 11.4592Iteration 961
Current Location: x=0 y=0 theta=0 velocity=0
Velocity Error: 2
Heading Error: 11.4592Iteration 962
Current Location: x=0 y=0 theta=0 velocity=0
Velocity Error: 2
Heading Error: 11.4592Iteration 963
Current Location: x=0 y=0 theta=0 velocity=0
Velocity Error: 2
Heading Error: 11.4592Iteration 964
Current Location: x=0 y=0 theta=0 velocity=0
Velocity Error: 2
Heading Error: 11.4592Iteration 965
Current Location: x=0 y=0 theta=0 velocity=0
Velocity Error: 2
Heading Error: 11.4592Iteration 966
Current Location: x=0 y=0 theta=0 velocity=0
Velocity Error: 2
Heading Error: 11.4592Iteration 967
Current Location: x=0 y=0 theta=0 velocity=0
Velocity Error: 2
Heading Error: 11.4592Iteration 968
Current Location: x=0 y=0 theta=0 velocity=0
Velocity Error: 2
Heading Error: 11.4592Iteration 969
Current Location: x=0 y=0 theta=0 velocity=0
Velocity Error: 2
Heading Error: 11.4592Iteration 970
Current Location: x=0 y=0 theta=0 velocity=0
Velocity Error: 2
Heading Error: 11.4592Iteration 971
Current Location: x=0 y=0 theta=0 velocity=0
Velocity Error: 2
Heading Error: 11.4592Iteration 972
Current Location: x=0 y=0 theta=0 velocity=0
Velocity Error: 2
Heading Error: 11.4592Iteration 973
Current Location: x=0 y=0 theta=0 velocity=0
Velocity Error: 2
Heading Error: 11.4592Iteration 974
Current Location: x=0 y=0 theta=0 velocity=0
Velocity Error: 2
Heading Error: 11.4592Iteration 975
Current Location: x=0 y=0 theta=0 velocity=0
Velocity Error: 2
Heading Error: 11.4592Iteration 976
Current Location: x=0 y=0 theta=0 velocity=0
Velocity Error: 2
Heading Error: 11.4592Iteration 977
Current Location: x=0 y=0 theta=0 velocity=0
Velocity Error: 2
Heading Error: 11.4592Iteration 978
Current Location: x=0 y=0 theta=0 velocity=0
Velocity Error: 2
Heading Error: 11.4592Iteration 979
Current Location: x=0 y=0 theta=0 velocity=0
Velocity Error: 2
Heading Error: 11.4592Iteration 980
Current Location: x=0 y=0 theta=0 velocity=0
Velocity Error: 2
Heading Error: 11.4592Iteration 981
Current Location: x=0 y=0 theta=0 velocity=0
Velocity Error: 2
Heading Error: 11.4592Iteration 982
Current Location: x=0 y=0 theta=0 velocity=0
Velocity Error: 2
Heading Error: 11.4592Iteration 983
Current Location: x=0 y=0 theta=0 velocity=0
Velocity Error: 2
Heading Error: 11.4592Iteration 984
Current Location: x=0 y=0 theta=0 velocity=0
Velocity Error: 2
Heading Error: 11.4592Iteration 985
Current Location: x=0 y=0 theta=0 velocity=0
Velocity Error: 2
Heading Error: 11.4592Iteration 986
Current Location: x=0 y=0 theta=0 velocity=0
Velocity Error: 2
Heading Error: 11.4592Iteration 987
Current Location: x=0 y=0 theta=0 velocity=0
Velocity Error: 2
Heading Error: 11.4592Iteration 988
Current Location: x=0 y=0 theta=0 velocity=0
Velocity Error: 2
Heading Error: 11.4592Iteration 989
Current Location: x=0 y=0 theta=0 velocity=0
Velocity Error: 2
Heading Error: 11.4592Iteration 990
Current Location: x=0 y=0 theta=0 velocity=0
Velocity Error: 2
Heading Error: 11.4592Iteration 991
Current Location: x=0 y=0 theta=0 velocity=0
Velocity Error: 2
Heading Error: 11.4592Iteration 992
Current Location: x=0 y=0 theta=0 velocity=0
Velocity Error: 2
Heading Error: 11.4592Iteration 993
Current Location: x=0 y=0 theta=0 velocity=0
Velocity Error: 2
Heading Error: 11.4592Iteration 994
Current Location: x=0 y=0 theta=0 velocity=0
Velocity Error: 2
Heading Error: 11.4592Iteration 995
Current Location: x=0 y=0 theta=0 velocity=0
Velocity Error: 2
Heading Error: 11.4592Iteration 996
Current Location: x=0 y=0 theta=0 velocity=0
Velocity Error: 2
Heading Error: 11.4592Iteration 997
Current Location: x=0 y=0 theta=0 velocity=0
Velocity Error: 2
Heading Error: 11.4592Iteration 998
Current Location: x=0 y=0 theta=0 velocity=0
Velocity Error: 2
Heading Error: 11.4592Iteration 999
Current Location: x=0 y=0 theta=0 velocity=0
Velocity Error: 2
Heading Error: 11.4592Final State: x=0 y=0 theta=0 velocity=0
[       OK ] RobotSimulation.Check_Simulation_Running (41 ms)
[----------] 1 test from RobotSimulation (41 ms total)

[----------] Global test environment tear-down
[==========] 1 test from 1 test suite ran. (41 ms total)
[  PASSED  ] 1 test.
<end of output>
Test time =   0.05 sec
----------------------------------------------------------
Test Passed.
"RobotSimulation.Check_Simulation_Running" end time: Oct 24 21:02 EDT
"RobotSimulation.Check_Simulation_Running" time elapsed: 00:00:00
----------------------------------------------------------

End testing: Oct 24 21:02 EDT
